[0.032s] Invoking command in '/home/v120506/rmitbot_v3/lesson6_ws/build/rmitbot_navigation': CMAKE_PREFIX_PATH=${CMAKE_PREFIX_PATH}:/opt/ros/jazzy DEBUGINFOD_URLS=https://debuginfod.ubuntu.com /usr/bin/cmake --build /home/v120506/rmitbot_v3/lesson6_ws/build/rmitbot_navigation -- -j8 -l8
[0.090s] Invoked command in '/home/v120506/rmitbot_v3/lesson6_ws/build/rmitbot_navigation' returned '0': CMAKE_PREFIX_PATH=${CMAKE_PREFIX_PATH}:/opt/ros/jazzy DEBUGINFOD_URLS=https://debuginfod.ubuntu.com /usr/bin/cmake --build /home/v120506/rmitbot_v3/lesson6_ws/build/rmitbot_navigation -- -j8 -l8
[0.092s] Invoking command in '/home/v120506/rmitbot_v3/lesson6_ws/build/rmitbot_navigation': CMAKE_PREFIX_PATH=${CMAKE_PREFIX_PATH}:/opt/ros/jazzy DEBUGINFOD_URLS=https://debuginfod.ubuntu.com /usr/bin/cmake --install /home/v120506/rmitbot_v3/lesson6_ws/build/rmitbot_navigation
[0.109s] -- Install configuration: ""
[0.110s] -- Execute custom install script
[0.111s] -- Up-to-date symlink: /home/v120506/rmitbot_v3/lesson6_ws/install/rmitbot_navigation/share/rmitbot_navigation/launch/nav.launch.py
[0.111s] -- Up-to-date symlink: /home/v120506/rmitbot_v3/lesson6_ws/install/rmitbot_navigation/share/rmitbot_navigation/launch/twistmux.launch.py
[0.112s] -- Up-to-date symlink: /home/v120506/rmitbot_v3/lesson6_ws/install/rmitbot_navigation/share/rmitbot_navigation/config/nav2_params.yaml
[0.112s] -- Up-to-date symlink: /home/v120506/rmitbot_v3/lesson6_ws/install/rmitbot_navigation/share/rmitbot_navigation/config/twistmux.yaml
[0.112s] -- Up-to-date symlink: /home/v120506/rmitbot_v3/lesson6_ws/install/rmitbot_navigation/share/ament_index/resource_index/package_run_dependencies/rmitbot_navigation
[0.113s] -- Up-to-date symlink: /home/v120506/rmitbot_v3/lesson6_ws/install/rmitbot_navigation/share/ament_index/resource_index/parent_prefix_path/rmitbot_navigation
[0.113s] -- Up-to-date symlink: /home/v120506/rmitbot_v3/lesson6_ws/install/rmitbot_navigation/share/rmitbot_navigation/environment/ament_prefix_path.sh
[0.114s] -- Up-to-date symlink: /home/v120506/rmitbot_v3/lesson6_ws/install/rmitbot_navigation/share/rmitbot_navigation/environment/ament_prefix_path.dsv
[0.114s] -- Up-to-date symlink: /home/v120506/rmitbot_v3/lesson6_ws/install/rmitbot_navigation/share/rmitbot_navigation/environment/path.sh
[0.115s] -- Up-to-date symlink: /home/v120506/rmitbot_v3/lesson6_ws/install/rmitbot_navigation/share/rmitbot_navigation/environment/path.dsv
[0.115s] -- Up-to-date symlink: /home/v120506/rmitbot_v3/lesson6_ws/install/rmitbot_navigation/share/rmitbot_navigation/local_setup.bash
[0.115s] -- Up-to-date symlink: /home/v120506/rmitbot_v3/lesson6_ws/install/rmitbot_navigation/share/rmitbot_navigation/local_setup.sh
[0.116s] -- Up-to-date symlink: /home/v120506/rmitbot_v3/lesson6_ws/install/rmitbot_navigation/share/rmitbot_navigation/local_setup.zsh
[0.116s] -- Up-to-date symlink: /home/v120506/rmitbot_v3/lesson6_ws/install/rmitbot_navigation/share/rmitbot_navigation/local_setup.dsv
[0.116s] -- Symlinking: /home/v120506/rmitbot_v3/lesson6_ws/install/rmitbot_navigation/share/rmitbot_navigation/package.dsv
[0.123s] -- Up-to-date symlink: /home/v120506/rmitbot_v3/lesson6_ws/install/rmitbot_navigation/share/ament_index/resource_index/packages/rmitbot_navigation
[0.124s] -- Up-to-date symlink: /home/v120506/rmitbot_v3/lesson6_ws/install/rmitbot_navigation/share/rmitbot_navigation/cmake/rmitbot_navigationConfig.cmake
[0.124s] -- Up-to-date symlink: /home/v120506/rmitbot_v3/lesson6_ws/install/rmitbot_navigation/share/rmitbot_navigation/cmake/rmitbot_navigationConfig-version.cmake
[0.124s] -- Up-to-date symlink: /home/v120506/rmitbot_v3/lesson6_ws/install/rmitbot_navigation/share/rmitbot_navigation/package.xml
[0.156s] Invoked command in '/home/v120506/rmitbot_v3/lesson6_ws/build/rmitbot_navigation' returned '0': CMAKE_PREFIX_PATH=${CMAKE_PREFIX_PATH}:/opt/ros/jazzy DEBUGINFOD_URLS=https://debuginfod.ubuntu.com /usr/bin/cmake --install /home/v120506/rmitbot_v3/lesson6_ws/build/rmitbot_navigation
