[0.075s] DEBUG:colcon:Command line arguments: ['/usr/bin/colcon', 'build']
[0.075s] DEBUG:colcon:Parsed command line arguments: Namespace(log_base=None, log_level=None, verb_name='build', build_base='build', install_base='install', merge_install=False, symlink_install=False, test_result_base=None, continue_on_error=False, executor='parallel', parallel_workers=8, event_handlers=None, ignore_user_meta=False, metas=['./colcon.meta'], base_paths=['.'], packages_ignore=None, packages_ignore_regex=None, paths=None, packages_up_to=None, packages_up_to_regex=None, packages_above=None, packages_above_and_dependencies=None, packages_above_depth=None, packages_select_by_dep=None, packages_skip_by_dep=None, packages_skip_up_to=None, packages_select_build_failed=False, packages_skip_build_finished=False, packages_select_test_failures=False, packages_skip_test_passed=False, packages_select=None, packages_skip=None, packages_select_regex=None, packages_skip_regex=None, packages_start=None, packages_end=None, allow_overriding=[], cmake_args=None, cmake_target=None, cmake_target_skip_unavailable=False, cmake_clean_cache=False, cmake_clean_first=False, cmake_force_configure=False, ament_cmake_args=None, catkin_cmake_args=None, catkin_skip_building_tests=False, mixin_files=None, mixin=None, verb_parser=<colcon_mixin.mixin.mixin_argument.MixinArgumentDecorator object at 0x7367d58a8770>, verb_extension=<colcon_core.verb.build.BuildVerb object at 0x7367d59f41a0>, main=<bound method BuildVerb.main of <colcon_core.verb.build.BuildVerb object at 0x7367d59f41a0>>, mixin_verb=('build',))
[0.103s] Level 1:colcon.colcon_core.package_discovery:discover_packages(colcon_meta) check parameters
[0.103s] Level 1:colcon.colcon_core.package_discovery:discover_packages(recursive) check parameters
[0.103s] Level 1:colcon.colcon_core.package_discovery:discover_packages(ignore) check parameters
[0.103s] Level 1:colcon.colcon_core.package_discovery:discover_packages(path) check parameters
[0.103s] Level 1:colcon.colcon_core.package_discovery:discover_packages(colcon_meta) discover
[0.103s] Level 1:colcon.colcon_core.package_discovery:discover_packages(recursive) discover
[0.103s] INFO:colcon.colcon_core.package_discovery:Crawling recursively for packages in '/home/v120506/rmitbot_v3/lesson6_ws'
[0.103s] Level 1:colcon.colcon_core.package_identification:_identify(.) by extensions ['ignore', 'ignore_ament_install']
[0.103s] Level 1:colcon.colcon_core.package_identification:_identify(.) by extension 'ignore'
[0.103s] Level 1:colcon.colcon_core.package_identification:_identify(.) by extension 'ignore_ament_install'
[0.103s] Level 1:colcon.colcon_core.package_identification:_identify(.) by extensions ['colcon_pkg']
[0.103s] Level 1:colcon.colcon_core.package_identification:_identify(.) by extension 'colcon_pkg'
[0.103s] Level 1:colcon.colcon_core.package_identification:_identify(.) by extensions ['colcon_meta']
[0.103s] Level 1:colcon.colcon_core.package_identification:_identify(.) by extension 'colcon_meta'
[0.103s] Level 1:colcon.colcon_core.package_identification:_identify(.) by extensions ['ros']
[0.103s] Level 1:colcon.colcon_core.package_identification:_identify(.) by extension 'ros'
[0.122s] Level 1:colcon.colcon_core.package_identification:_identify(.) by extensions ['cmake', 'python']
[0.122s] Level 1:colcon.colcon_core.package_identification:_identify(.) by extension 'cmake'
[0.122s] Level 1:colcon.colcon_core.package_identification:_identify(.) by extension 'python'
[0.122s] Level 1:colcon.colcon_core.package_identification:_identify(.) by extensions ['python_setup_py']
[0.122s] Level 1:colcon.colcon_core.package_identification:_identify(.) by extension 'python_setup_py'
[0.122s] Level 1:colcon.colcon_core.package_identification:_identify(build) by extensions ['ignore', 'ignore_ament_install']
[0.122s] Level 1:colcon.colcon_core.package_identification:_identify(build) by extension 'ignore'
[0.122s] Level 1:colcon.colcon_core.package_identification:_identify(build) ignored
[0.122s] Level 1:colcon.colcon_core.package_identification:_identify(install) by extensions ['ignore', 'ignore_ament_install']
[0.122s] Level 1:colcon.colcon_core.package_identification:_identify(install) by extension 'ignore'
[0.122s] Level 1:colcon.colcon_core.package_identification:_identify(install) ignored
[0.122s] Level 1:colcon.colcon_core.package_identification:_identify(log) by extensions ['ignore', 'ignore_ament_install']
[0.122s] Level 1:colcon.colcon_core.package_identification:_identify(log) by extension 'ignore'
[0.122s] Level 1:colcon.colcon_core.package_identification:_identify(log) ignored
[0.122s] Level 1:colcon.colcon_core.package_identification:_identify(src) by extensions ['ignore', 'ignore_ament_install']
[0.122s] Level 1:colcon.colcon_core.package_identification:_identify(src) by extension 'ignore'
[0.123s] Level 1:colcon.colcon_core.package_identification:_identify(src) by extension 'ignore_ament_install'
[0.123s] Level 1:colcon.colcon_core.package_identification:_identify(src) by extensions ['colcon_pkg']
[0.123s] Level 1:colcon.colcon_core.package_identification:_identify(src) by extension 'colcon_pkg'
[0.123s] Level 1:colcon.colcon_core.package_identification:_identify(src) by extensions ['colcon_meta']
[0.123s] Level 1:colcon.colcon_core.package_identification:_identify(src) by extension 'colcon_meta'
[0.123s] Level 1:colcon.colcon_core.package_identification:_identify(src) by extensions ['ros']
[0.123s] Level 1:colcon.colcon_core.package_identification:_identify(src) by extension 'ros'
[0.123s] Level 1:colcon.colcon_core.package_identification:_identify(src) by extensions ['cmake', 'python']
[0.123s] Level 1:colcon.colcon_core.package_identification:_identify(src) by extension 'cmake'
[0.123s] Level 1:colcon.colcon_core.package_identification:_identify(src) by extension 'python'
[0.123s] Level 1:colcon.colcon_core.package_identification:_identify(src) by extensions ['python_setup_py']
[0.123s] Level 1:colcon.colcon_core.package_identification:_identify(src) by extension 'python_setup_py'
[0.123s] Level 1:colcon.colcon_core.package_identification:_identify(src/rmitbot_bringup) by extensions ['ignore', 'ignore_ament_install']
[0.123s] Level 1:colcon.colcon_core.package_identification:_identify(src/rmitbot_bringup) by extension 'ignore'
[0.123s] Level 1:colcon.colcon_core.package_identification:_identify(src/rmitbot_bringup) by extension 'ignore_ament_install'
[0.123s] Level 1:colcon.colcon_core.package_identification:_identify(src/rmitbot_bringup) by extensions ['colcon_pkg']
[0.123s] Level 1:colcon.colcon_core.package_identification:_identify(src/rmitbot_bringup) by extension 'colcon_pkg'
[0.123s] Level 1:colcon.colcon_core.package_identification:_identify(src/rmitbot_bringup) by extensions ['colcon_meta']
[0.123s] Level 1:colcon.colcon_core.package_identification:_identify(src/rmitbot_bringup) by extension 'colcon_meta'
[0.123s] Level 1:colcon.colcon_core.package_identification:_identify(src/rmitbot_bringup) by extensions ['ros']
[0.123s] Level 1:colcon.colcon_core.package_identification:_identify(src/rmitbot_bringup) by extension 'ros'
[0.125s] DEBUG:colcon.colcon_core.package_identification:Package 'src/rmitbot_bringup' with type 'ros.ament_cmake' and name 'rmitbot_bringup'
[0.125s] Level 1:colcon.colcon_core.package_identification:_identify(src/rmitbot_controller) by extensions ['ignore', 'ignore_ament_install']
[0.125s] Level 1:colcon.colcon_core.package_identification:_identify(src/rmitbot_controller) by extension 'ignore'
[0.125s] Level 1:colcon.colcon_core.package_identification:_identify(src/rmitbot_controller) by extension 'ignore_ament_install'
[0.125s] Level 1:colcon.colcon_core.package_identification:_identify(src/rmitbot_controller) by extensions ['colcon_pkg']
[0.125s] Level 1:colcon.colcon_core.package_identification:_identify(src/rmitbot_controller) by extension 'colcon_pkg'
[0.125s] Level 1:colcon.colcon_core.package_identification:_identify(src/rmitbot_controller) by extensions ['colcon_meta']
[0.125s] Level 1:colcon.colcon_core.package_identification:_identify(src/rmitbot_controller) by extension 'colcon_meta'
[0.125s] Level 1:colcon.colcon_core.package_identification:_identify(src/rmitbot_controller) by extensions ['ros']
[0.125s] Level 1:colcon.colcon_core.package_identification:_identify(src/rmitbot_controller) by extension 'ros'
[0.125s] DEBUG:colcon.colcon_core.package_identification:Package 'src/rmitbot_controller' with type 'ros.ament_cmake' and name 'rmitbot_controller'
[0.125s] Level 1:colcon.colcon_core.package_identification:_identify(src/rmitbot_description) by extensions ['ignore', 'ignore_ament_install']
[0.126s] Level 1:colcon.colcon_core.package_identification:_identify(src/rmitbot_description) by extension 'ignore'
[0.126s] Level 1:colcon.colcon_core.package_identification:_identify(src/rmitbot_description) by extension 'ignore_ament_install'
[0.126s] Level 1:colcon.colcon_core.package_identification:_identify(src/rmitbot_description) by extensions ['colcon_pkg']
[0.126s] Level 1:colcon.colcon_core.package_identification:_identify(src/rmitbot_description) by extension 'colcon_pkg'
[0.126s] Level 1:colcon.colcon_core.package_identification:_identify(src/rmitbot_description) by extensions ['colcon_meta']
[0.126s] Level 1:colcon.colcon_core.package_identification:_identify(src/rmitbot_description) by extension 'colcon_meta'
[0.126s] Level 1:colcon.colcon_core.package_identification:_identify(src/rmitbot_description) by extensions ['ros']
[0.126s] Level 1:colcon.colcon_core.package_identification:_identify(src/rmitbot_description) by extension 'ros'
[0.126s] DEBUG:colcon.colcon_core.package_identification:Package 'src/rmitbot_description' with type 'ros.ament_cmake' and name 'rmitbot_description'
[0.126s] Level 1:colcon.colcon_core.package_identification:_identify(src/rmitbot_localization) by extensions ['ignore', 'ignore_ament_install']
[0.126s] Level 1:colcon.colcon_core.package_identification:_identify(src/rmitbot_localization) by extension 'ignore'
[0.126s] Level 1:colcon.colcon_core.package_identification:_identify(src/rmitbot_localization) by extension 'ignore_ament_install'
[0.126s] Level 1:colcon.colcon_core.package_identification:_identify(src/rmitbot_localization) by extensions ['colcon_pkg']
[0.126s] Level 1:colcon.colcon_core.package_identification:_identify(src/rmitbot_localization) by extension 'colcon_pkg'
[0.126s] Level 1:colcon.colcon_core.package_identification:_identify(src/rmitbot_localization) by extensions ['colcon_meta']
[0.126s] Level 1:colcon.colcon_core.package_identification:_identify(src/rmitbot_localization) by extension 'colcon_meta'
[0.126s] Level 1:colcon.colcon_core.package_identification:_identify(src/rmitbot_localization) by extensions ['ros']
[0.126s] Level 1:colcon.colcon_core.package_identification:_identify(src/rmitbot_localization) by extension 'ros'
[0.127s] DEBUG:colcon.colcon_core.package_identification:Package 'src/rmitbot_localization' with type 'ros.ament_cmake' and name 'rmitbot_localization'
[0.127s] Level 1:colcon.colcon_core.package_identification:_identify(src/rmitbot_mapping) by extensions ['ignore', 'ignore_ament_install']
[0.127s] Level 1:colcon.colcon_core.package_identification:_identify(src/rmitbot_mapping) by extension 'ignore'
[0.127s] Level 1:colcon.colcon_core.package_identification:_identify(src/rmitbot_mapping) by extension 'ignore_ament_install'
[0.127s] Level 1:colcon.colcon_core.package_identification:_identify(src/rmitbot_mapping) by extensions ['colcon_pkg']
[0.127s] Level 1:colcon.colcon_core.package_identification:_identify(src/rmitbot_mapping) by extension 'colcon_pkg'
[0.127s] Level 1:colcon.colcon_core.package_identification:_identify(src/rmitbot_mapping) by extensions ['colcon_meta']
[0.127s] Level 1:colcon.colcon_core.package_identification:_identify(src/rmitbot_mapping) by extension 'colcon_meta'
[0.127s] Level 1:colcon.colcon_core.package_identification:_identify(src/rmitbot_mapping) by extensions ['ros']
[0.127s] Level 1:colcon.colcon_core.package_identification:_identify(src/rmitbot_mapping) by extension 'ros'
[0.127s] DEBUG:colcon.colcon_core.package_identification:Package 'src/rmitbot_mapping' with type 'ros.ament_cmake' and name 'rmitbot_mapping'
[0.127s] Level 1:colcon.colcon_core.package_identification:_identify(src/rmitbot_navigation) by extensions ['ignore', 'ignore_ament_install']
[0.127s] Level 1:colcon.colcon_core.package_identification:_identify(src/rmitbot_navigation) by extension 'ignore'
[0.127s] Level 1:colcon.colcon_core.package_identification:_identify(src/rmitbot_navigation) by extension 'ignore_ament_install'
[0.127s] Level 1:colcon.colcon_core.package_identification:_identify(src/rmitbot_navigation) by extensions ['colcon_pkg']
[0.127s] Level 1:colcon.colcon_core.package_identification:_identify(src/rmitbot_navigation) by extension 'colcon_pkg'
[0.127s] Level 1:colcon.colcon_core.package_identification:_identify(src/rmitbot_navigation) by extensions ['colcon_meta']
[0.127s] Level 1:colcon.colcon_core.package_identification:_identify(src/rmitbot_navigation) by extension 'colcon_meta'
[0.127s] Level 1:colcon.colcon_core.package_identification:_identify(src/rmitbot_navigation) by extensions ['ros']
[0.127s] Level 1:colcon.colcon_core.package_identification:_identify(src/rmitbot_navigation) by extension 'ros'
[0.128s] DEBUG:colcon.colcon_core.package_identification:Package 'src/rmitbot_navigation' with type 'ros.ament_cmake' and name 'rmitbot_navigation'
[0.128s] Level 1:colcon.colcon_core.package_identification:_identify(src/rmitbot_vision) by extensions ['ignore', 'ignore_ament_install']
[0.128s] Level 1:colcon.colcon_core.package_identification:_identify(src/rmitbot_vision) by extension 'ignore'
[0.128s] Level 1:colcon.colcon_core.package_identification:_identify(src/rmitbot_vision) by extension 'ignore_ament_install'
[0.128s] Level 1:colcon.colcon_core.package_identification:_identify(src/rmitbot_vision) by extensions ['colcon_pkg']
[0.128s] Level 1:colcon.colcon_core.package_identification:_identify(src/rmitbot_vision) by extension 'colcon_pkg'
[0.128s] Level 1:colcon.colcon_core.package_identification:_identify(src/rmitbot_vision) by extensions ['colcon_meta']
[0.128s] Level 1:colcon.colcon_core.package_identification:_identify(src/rmitbot_vision) by extension 'colcon_meta'
[0.128s] Level 1:colcon.colcon_core.package_identification:_identify(src/rmitbot_vision) by extensions ['ros']
[0.128s] Level 1:colcon.colcon_core.package_identification:_identify(src/rmitbot_vision) by extension 'ros'
[0.128s] DEBUG:colcon.colcon_core.package_identification:Package 'src/rmitbot_vision' with type 'ros.ament_cmake' and name 'rmitbot_vision'
[0.128s] Level 1:colcon.colcon_core.package_discovery:discover_packages(recursive) using defaults
[0.128s] Level 1:colcon.colcon_core.package_discovery:discover_packages(ignore) discover
[0.128s] Level 1:colcon.colcon_core.package_discovery:discover_packages(ignore) using defaults
[0.128s] Level 1:colcon.colcon_core.package_discovery:discover_packages(path) discover
[0.128s] Level 1:colcon.colcon_core.package_discovery:discover_packages(path) using defaults
[0.141s] Level 1:colcon.colcon_core.package_discovery:discover_packages(prefix_path) check parameters
[0.141s] Level 1:colcon.colcon_core.package_discovery:discover_packages(prefix_path) discover
[0.142s] WARNING:colcon.colcon_ros.prefix_path.ament:The path '/home/v120506/rmitbot_v3/lesson6_ws/install/rmitbot_navigation' in the environment variable AMENT_PREFIX_PATH doesn't exist
[0.142s] WARNING:colcon.colcon_ros.prefix_path.ament:The path '/home/v120506/rmitbot_v3/lesson6_ws/install/rmitbot_mapping' in the environment variable AMENT_PREFIX_PATH doesn't exist
[0.142s] WARNING:colcon.colcon_ros.prefix_path.ament:The path '/home/v120506/rmitbot_v3/lesson6_ws/install/rmitbot_localization' in the environment variable AMENT_PREFIX_PATH doesn't exist
[0.142s] WARNING:colcon.colcon_ros.prefix_path.ament:The path '/home/v120506/rmitbot_v3/lesson6_ws/install/rmitbot_description' in the environment variable AMENT_PREFIX_PATH doesn't exist
[0.142s] WARNING:colcon.colcon_ros.prefix_path.ament:The path '/home/v120506/rmitbot_v3/lesson6_ws/install/rmitbot_controller' in the environment variable AMENT_PREFIX_PATH doesn't exist
[0.142s] WARNING:colcon.colcon_ros.prefix_path.ament:The path '/home/v120506/rmitbot_v3/lesson6_ws/install/rmitbot_bringup' in the environment variable AMENT_PREFIX_PATH doesn't exist
[0.144s] WARNING:colcon.colcon_ros.prefix_path.catkin:The path '/home/v120506/rmitbot_v3/lesson6_ws/install/rmitbot_navigation' in the environment variable CMAKE_PREFIX_PATH doesn't exist
[0.144s] WARNING:colcon.colcon_ros.prefix_path.catkin:The path '/home/v120506/rmitbot_v3/lesson6_ws/install/rmitbot_mapping' in the environment variable CMAKE_PREFIX_PATH doesn't exist
[0.144s] WARNING:colcon.colcon_ros.prefix_path.catkin:The path '/home/v120506/rmitbot_v3/lesson6_ws/install/rmitbot_localization' in the environment variable CMAKE_PREFIX_PATH doesn't exist
[0.144s] WARNING:colcon.colcon_ros.prefix_path.catkin:The path '/home/v120506/rmitbot_v3/lesson6_ws/install/rmitbot_description' in the environment variable CMAKE_PREFIX_PATH doesn't exist
[0.144s] WARNING:colcon.colcon_ros.prefix_path.catkin:The path '/home/v120506/rmitbot_v3/lesson6_ws/install/rmitbot_controller' in the environment variable CMAKE_PREFIX_PATH doesn't exist
[0.144s] WARNING:colcon.colcon_ros.prefix_path.catkin:The path '/home/v120506/rmitbot_v3/lesson6_ws/install/rmitbot_bringup' in the environment variable CMAKE_PREFIX_PATH doesn't exist
[0.144s] DEBUG:colcon.colcon_installed_package_information.package_discovery:Found 0 installed packages in /home/v120506/rmitbot_v3/lesson6_ws/install
[0.145s] DEBUG:colcon.colcon_installed_package_information.package_discovery:Found 6 installed packages in /home/v120506/rmitbot_v3/lesson6_ws_diffdrive/install
[0.145s] DEBUG:colcon.colcon_installed_package_information.package_discovery:Found 6 installed packages in /home/v120506/rmitbot_v2/lesson5_ws/install
[0.146s] DEBUG:colcon.colcon_installed_package_information.package_discovery:Found 5 installed packages in /home/v120506/rmitbot_v2/lesson4_ws/install
[0.147s] DEBUG:colcon.colcon_installed_package_information.package_discovery:Found 4 installed packages in /home/v120506/rmitbot_v2/lesson3_ws/install
[0.148s] DEBUG:colcon.colcon_installed_package_information.package_discovery:Found 6 installed packages in /home/v120506/rmitbot_v3/lesson5_ws/install
[0.149s] DEBUG:colcon.colcon_installed_package_information.package_discovery:Found 5 installed packages in /home/v120506/rmitbot_v3/lesson4_ws/install
[0.149s] DEBUG:colcon.colcon_installed_package_information.package_discovery:Found 4 installed packages in /home/v120506/rmitbot_v3/lesson3_ws/install
[0.150s] DEBUG:colcon.colcon_installed_package_information.package_discovery:Found 3 installed packages in /home/v120506/rmitbot_v3/lesson2_ws/install
[0.151s] DEBUG:colcon.colcon_installed_package_information.package_discovery:Found 2 installed packages in /home/v120506/rmitbot_v3/lesson1_ws/install
[0.152s] DEBUG:colcon.colcon_installed_package_information.package_discovery:Found 6 installed packages in /home/v120506/rmitbot_v2/lesson6_ws/install
[0.155s] DEBUG:colcon.colcon_installed_package_information.package_discovery:Found 424 installed packages in /opt/ros/jazzy
[0.156s] Level 1:colcon.colcon_core.package_discovery:discover_packages(prefix_path) using defaults
[0.196s] Level 5:colcon.colcon_core.verb:set package 'rmitbot_bringup' build argument 'cmake_args' from command line to 'None'
[0.196s] Level 5:colcon.colcon_core.verb:set package 'rmitbot_bringup' build argument 'cmake_target' from command line to 'None'
[0.196s] Level 5:colcon.colcon_core.verb:set package 'rmitbot_bringup' build argument 'cmake_target_skip_unavailable' from command line to 'False'
[0.196s] Level 5:colcon.colcon_core.verb:set package 'rmitbot_bringup' build argument 'cmake_clean_cache' from command line to 'False'
[0.196s] Level 5:colcon.colcon_core.verb:set package 'rmitbot_bringup' build argument 'cmake_clean_first' from command line to 'False'
[0.196s] Level 5:colcon.colcon_core.verb:set package 'rmitbot_bringup' build argument 'cmake_force_configure' from command line to 'False'
[0.196s] Level 5:colcon.colcon_core.verb:set package 'rmitbot_bringup' build argument 'ament_cmake_args' from command line to 'None'
[0.196s] Level 5:colcon.colcon_core.verb:set package 'rmitbot_bringup' build argument 'catkin_cmake_args' from command line to 'None'
[0.196s] Level 5:colcon.colcon_core.verb:set package 'rmitbot_bringup' build argument 'catkin_skip_building_tests' from command line to 'False'
[0.196s] DEBUG:colcon.colcon_core.verb:Building package 'rmitbot_bringup' with the following arguments: {'ament_cmake_args': None, 'build_base': '/home/v120506/rmitbot_v3/lesson6_ws/build/rmitbot_bringup', 'catkin_cmake_args': None, 'catkin_skip_building_tests': False, 'cmake_args': None, 'cmake_clean_cache': False, 'cmake_clean_first': False, 'cmake_force_configure': False, 'cmake_target': None, 'cmake_target_skip_unavailable': False, 'install_base': '/home/v120506/rmitbot_v3/lesson6_ws/install/rmitbot_bringup', 'merge_install': False, 'path': '/home/v120506/rmitbot_v3/lesson6_ws/src/rmitbot_bringup', 'symlink_install': False, 'test_result_base': None}
[0.196s] Level 5:colcon.colcon_core.verb:set package 'rmitbot_controller' build argument 'cmake_args' from command line to 'None'
[0.196s] Level 5:colcon.colcon_core.verb:set package 'rmitbot_controller' build argument 'cmake_target' from command line to 'None'
[0.196s] Level 5:colcon.colcon_core.verb:set package 'rmitbot_controller' build argument 'cmake_target_skip_unavailable' from command line to 'False'
[0.196s] Level 5:colcon.colcon_core.verb:set package 'rmitbot_controller' build argument 'cmake_clean_cache' from command line to 'False'
[0.196s] Level 5:colcon.colcon_core.verb:set package 'rmitbot_controller' build argument 'cmake_clean_first' from command line to 'False'
[0.196s] Level 5:colcon.colcon_core.verb:set package 'rmitbot_controller' build argument 'cmake_force_configure' from command line to 'False'
[0.196s] Level 5:colcon.colcon_core.verb:set package 'rmitbot_controller' build argument 'ament_cmake_args' from command line to 'None'
[0.196s] Level 5:colcon.colcon_core.verb:set package 'rmitbot_controller' build argument 'catkin_cmake_args' from command line to 'None'
[0.196s] Level 5:colcon.colcon_core.verb:set package 'rmitbot_controller' build argument 'catkin_skip_building_tests' from command line to 'False'
[0.196s] DEBUG:colcon.colcon_core.verb:Building package 'rmitbot_controller' with the following arguments: {'ament_cmake_args': None, 'build_base': '/home/v120506/rmitbot_v3/lesson6_ws/build/rmitbot_controller', 'catkin_cmake_args': None, 'catkin_skip_building_tests': False, 'cmake_args': None, 'cmake_clean_cache': False, 'cmake_clean_first': False, 'cmake_force_configure': False, 'cmake_target': None, 'cmake_target_skip_unavailable': False, 'install_base': '/home/v120506/rmitbot_v3/lesson6_ws/install/rmitbot_controller', 'merge_install': False, 'path': '/home/v120506/rmitbot_v3/lesson6_ws/src/rmitbot_controller', 'symlink_install': False, 'test_result_base': None}
[0.196s] Level 5:colcon.colcon_core.verb:set package 'rmitbot_description' build argument 'cmake_args' from command line to 'None'
[0.196s] Level 5:colcon.colcon_core.verb:set package 'rmitbot_description' build argument 'cmake_target' from command line to 'None'
[0.196s] Level 5:colcon.colcon_core.verb:set package 'rmitbot_description' build argument 'cmake_target_skip_unavailable' from command line to 'False'
[0.196s] Level 5:colcon.colcon_core.verb:set package 'rmitbot_description' build argument 'cmake_clean_cache' from command line to 'False'
[0.196s] Level 5:colcon.colcon_core.verb:set package 'rmitbot_description' build argument 'cmake_clean_first' from command line to 'False'
[0.196s] Level 5:colcon.colcon_core.verb:set package 'rmitbot_description' build argument 'cmake_force_configure' from command line to 'False'
[0.196s] Level 5:colcon.colcon_core.verb:set package 'rmitbot_description' build argument 'ament_cmake_args' from command line to 'None'
[0.196s] Level 5:colcon.colcon_core.verb:set package 'rmitbot_description' build argument 'catkin_cmake_args' from command line to 'None'
[0.196s] Level 5:colcon.colcon_core.verb:set package 'rmitbot_description' build argument 'catkin_skip_building_tests' from command line to 'False'
[0.196s] DEBUG:colcon.colcon_core.verb:Building package 'rmitbot_description' with the following arguments: {'ament_cmake_args': None, 'build_base': '/home/v120506/rmitbot_v3/lesson6_ws/build/rmitbot_description', 'catkin_cmake_args': None, 'catkin_skip_building_tests': False, 'cmake_args': None, 'cmake_clean_cache': False, 'cmake_clean_first': False, 'cmake_force_configure': False, 'cmake_target': None, 'cmake_target_skip_unavailable': False, 'install_base': '/home/v120506/rmitbot_v3/lesson6_ws/install/rmitbot_description', 'merge_install': False, 'path': '/home/v120506/rmitbot_v3/lesson6_ws/src/rmitbot_description', 'symlink_install': False, 'test_result_base': None}
[0.197s] Level 5:colcon.colcon_core.verb:set package 'rmitbot_localization' build argument 'cmake_args' from command line to 'None'
[0.197s] Level 5:colcon.colcon_core.verb:set package 'rmitbot_localization' build argument 'cmake_target' from command line to 'None'
[0.197s] Level 5:colcon.colcon_core.verb:set package 'rmitbot_localization' build argument 'cmake_target_skip_unavailable' from command line to 'False'
[0.197s] Level 5:colcon.colcon_core.verb:set package 'rmitbot_localization' build argument 'cmake_clean_cache' from command line to 'False'
[0.197s] Level 5:colcon.colcon_core.verb:set package 'rmitbot_localization' build argument 'cmake_clean_first' from command line to 'False'
[0.197s] Level 5:colcon.colcon_core.verb:set package 'rmitbot_localization' build argument 'cmake_force_configure' from command line to 'False'
[0.197s] Level 5:colcon.colcon_core.verb:set package 'rmitbot_localization' build argument 'ament_cmake_args' from command line to 'None'
[0.197s] Level 5:colcon.colcon_core.verb:set package 'rmitbot_localization' build argument 'catkin_cmake_args' from command line to 'None'
[0.197s] Level 5:colcon.colcon_core.verb:set package 'rmitbot_localization' build argument 'catkin_skip_building_tests' from command line to 'False'
[0.197s] DEBUG:colcon.colcon_core.verb:Building package 'rmitbot_localization' with the following arguments: {'ament_cmake_args': None, 'build_base': '/home/v120506/rmitbot_v3/lesson6_ws/build/rmitbot_localization', 'catkin_cmake_args': None, 'catkin_skip_building_tests': False, 'cmake_args': None, 'cmake_clean_cache': False, 'cmake_clean_first': False, 'cmake_force_configure': False, 'cmake_target': None, 'cmake_target_skip_unavailable': False, 'install_base': '/home/v120506/rmitbot_v3/lesson6_ws/install/rmitbot_localization', 'merge_install': False, 'path': '/home/v120506/rmitbot_v3/lesson6_ws/src/rmitbot_localization', 'symlink_install': False, 'test_result_base': None}
[0.197s] Level 5:colcon.colcon_core.verb:set package 'rmitbot_mapping' build argument 'cmake_args' from command line to 'None'
[0.197s] Level 5:colcon.colcon_core.verb:set package 'rmitbot_mapping' build argument 'cmake_target' from command line to 'None'
[0.197s] Level 5:colcon.colcon_core.verb:set package 'rmitbot_mapping' build argument 'cmake_target_skip_unavailable' from command line to 'False'
[0.197s] Level 5:colcon.colcon_core.verb:set package 'rmitbot_mapping' build argument 'cmake_clean_cache' from command line to 'False'
[0.197s] Level 5:colcon.colcon_core.verb:set package 'rmitbot_mapping' build argument 'cmake_clean_first' from command line to 'False'
[0.197s] Level 5:colcon.colcon_core.verb:set package 'rmitbot_mapping' build argument 'cmake_force_configure' from command line to 'False'
[0.197s] Level 5:colcon.colcon_core.verb:set package 'rmitbot_mapping' build argument 'ament_cmake_args' from command line to 'None'
[0.197s] Level 5:colcon.colcon_core.verb:set package 'rmitbot_mapping' build argument 'catkin_cmake_args' from command line to 'None'
[0.197s] Level 5:colcon.colcon_core.verb:set package 'rmitbot_mapping' build argument 'catkin_skip_building_tests' from command line to 'False'
[0.197s] DEBUG:colcon.colcon_core.verb:Building package 'rmitbot_mapping' with the following arguments: {'ament_cmake_args': None, 'build_base': '/home/v120506/rmitbot_v3/lesson6_ws/build/rmitbot_mapping', 'catkin_cmake_args': None, 'catkin_skip_building_tests': False, 'cmake_args': None, 'cmake_clean_cache': False, 'cmake_clean_first': False, 'cmake_force_configure': False, 'cmake_target': None, 'cmake_target_skip_unavailable': False, 'install_base': '/home/v120506/rmitbot_v3/lesson6_ws/install/rmitbot_mapping', 'merge_install': False, 'path': '/home/v120506/rmitbot_v3/lesson6_ws/src/rmitbot_mapping', 'symlink_install': False, 'test_result_base': None}
[0.197s] Level 5:colcon.colcon_core.verb:set package 'rmitbot_navigation' build argument 'cmake_args' from command line to 'None'
[0.197s] Level 5:colcon.colcon_core.verb:set package 'rmitbot_navigation' build argument 'cmake_target' from command line to 'None'
[0.197s] Level 5:colcon.colcon_core.verb:set package 'rmitbot_navigation' build argument 'cmake_target_skip_unavailable' from command line to 'False'
[0.197s] Level 5:colcon.colcon_core.verb:set package 'rmitbot_navigation' build argument 'cmake_clean_cache' from command line to 'False'
[0.197s] Level 5:colcon.colcon_core.verb:set package 'rmitbot_navigation' build argument 'cmake_clean_first' from command line to 'False'
[0.197s] Level 5:colcon.colcon_core.verb:set package 'rmitbot_navigation' build argument 'cmake_force_configure' from command line to 'False'
[0.197s] Level 5:colcon.colcon_core.verb:set package 'rmitbot_navigation' build argument 'ament_cmake_args' from command line to 'None'
[0.197s] Level 5:colcon.colcon_core.verb:set package 'rmitbot_navigation' build argument 'catkin_cmake_args' from command line to 'None'
[0.197s] Level 5:colcon.colcon_core.verb:set package 'rmitbot_navigation' build argument 'catkin_skip_building_tests' from command line to 'False'
[0.197s] DEBUG:colcon.colcon_core.verb:Building package 'rmitbot_navigation' with the following arguments: {'ament_cmake_args': None, 'build_base': '/home/v120506/rmitbot_v3/lesson6_ws/build/rmitbot_navigation', 'catkin_cmake_args': None, 'catkin_skip_building_tests': False, 'cmake_args': None, 'cmake_clean_cache': False, 'cmake_clean_first': False, 'cmake_force_configure': False, 'cmake_target': None, 'cmake_target_skip_unavailable': False, 'install_base': '/home/v120506/rmitbot_v3/lesson6_ws/install/rmitbot_navigation', 'merge_install': False, 'path': '/home/v120506/rmitbot_v3/lesson6_ws/src/rmitbot_navigation', 'symlink_install': False, 'test_result_base': None}
[0.197s] Level 5:colcon.colcon_core.verb:set package 'rmitbot_vision' build argument 'cmake_args' from command line to 'None'
[0.197s] Level 5:colcon.colcon_core.verb:set package 'rmitbot_vision' build argument 'cmake_target' from command line to 'None'
[0.197s] Level 5:colcon.colcon_core.verb:set package 'rmitbot_vision' build argument 'cmake_target_skip_unavailable' from command line to 'False'
[0.197s] Level 5:colcon.colcon_core.verb:set package 'rmitbot_vision' build argument 'cmake_clean_cache' from command line to 'False'
[0.197s] Level 5:colcon.colcon_core.verb:set package 'rmitbot_vision' build argument 'cmake_clean_first' from command line to 'False'
[0.197s] Level 5:colcon.colcon_core.verb:set package 'rmitbot_vision' build argument 'cmake_force_configure' from command line to 'False'
[0.197s] Level 5:colcon.colcon_core.verb:set package 'rmitbot_vision' build argument 'ament_cmake_args' from command line to 'None'
[0.197s] Level 5:colcon.colcon_core.verb:set package 'rmitbot_vision' build argument 'catkin_cmake_args' from command line to 'None'
[0.197s] Level 5:colcon.colcon_core.verb:set package 'rmitbot_vision' build argument 'catkin_skip_building_tests' from command line to 'False'
[0.197s] DEBUG:colcon.colcon_core.verb:Building package 'rmitbot_vision' with the following arguments: {'ament_cmake_args': None, 'build_base': '/home/v120506/rmitbot_v3/lesson6_ws/build/rmitbot_vision', 'catkin_cmake_args': None, 'catkin_skip_building_tests': False, 'cmake_args': None, 'cmake_clean_cache': False, 'cmake_clean_first': False, 'cmake_force_configure': False, 'cmake_target': None, 'cmake_target_skip_unavailable': False, 'install_base': '/home/v120506/rmitbot_v3/lesson6_ws/install/rmitbot_vision', 'merge_install': False, 'path': '/home/v120506/rmitbot_v3/lesson6_ws/src/rmitbot_vision', 'symlink_install': False, 'test_result_base': None}
[0.197s] INFO:colcon.colcon_core.executor:Executing jobs using 'parallel' executor
[0.198s] DEBUG:colcon.colcon_parallel_executor.executor.parallel:run_until_complete
[0.198s] INFO:colcon.colcon_ros.task.ament_cmake.build:Building ROS package in '/home/v120506/rmitbot_v3/lesson6_ws/src/rmitbot_bringup' with build type 'ament_cmake'
[0.198s] INFO:colcon.colcon_cmake.task.cmake.build:Building CMake package in '/home/v120506/rmitbot_v3/lesson6_ws/src/rmitbot_bringup'
[0.200s] INFO:colcon.colcon_core.plugin_system:Skipping extension 'colcon_core.shell.bat': Not used on non-Windows systems
[0.200s] INFO:colcon.colcon_core.shell:Skip shell extension 'powershell' for command environment: Not usable outside of PowerShell
[0.200s] DEBUG:colcon.colcon_core.shell:Skip shell extension 'dsv' for command environment
[0.207s] INFO:colcon.colcon_ros.task.ament_cmake.build:Building ROS package in '/home/v120506/rmitbot_v3/lesson6_ws/src/rmitbot_controller' with build type 'ament_cmake'
[0.207s] INFO:colcon.colcon_cmake.task.cmake.build:Building CMake package in '/home/v120506/rmitbot_v3/lesson6_ws/src/rmitbot_controller'
[0.207s] INFO:colcon.colcon_core.shell:Skip shell extension 'powershell' for command environment: Not usable outside of PowerShell
[0.207s] DEBUG:colcon.colcon_core.shell:Skip shell extension 'dsv' for command environment
[0.213s] INFO:colcon.colcon_ros.task.ament_cmake.build:Building ROS package in '/home/v120506/rmitbot_v3/lesson6_ws/src/rmitbot_description' with build type 'ament_cmake'
[0.213s] INFO:colcon.colcon_cmake.task.cmake.build:Building CMake package in '/home/v120506/rmitbot_v3/lesson6_ws/src/rmitbot_description'
[0.213s] INFO:colcon.colcon_core.shell:Skip shell extension 'powershell' for command environment: Not usable outside of PowerShell
[0.213s] DEBUG:colcon.colcon_core.shell:Skip shell extension 'dsv' for command environment
[0.220s] INFO:colcon.colcon_ros.task.ament_cmake.build:Building ROS package in '/home/v120506/rmitbot_v3/lesson6_ws/src/rmitbot_localization' with build type 'ament_cmake'
[0.220s] INFO:colcon.colcon_cmake.task.cmake.build:Building CMake package in '/home/v120506/rmitbot_v3/lesson6_ws/src/rmitbot_localization'
[0.220s] INFO:colcon.colcon_core.shell:Skip shell extension 'powershell' for command environment: Not usable outside of PowerShell
[0.220s] DEBUG:colcon.colcon_core.shell:Skip shell extension 'dsv' for command environment
[0.226s] INFO:colcon.colcon_ros.task.ament_cmake.build:Building ROS package in '/home/v120506/rmitbot_v3/lesson6_ws/src/rmitbot_mapping' with build type 'ament_cmake'
[0.226s] INFO:colcon.colcon_cmake.task.cmake.build:Building CMake package in '/home/v120506/rmitbot_v3/lesson6_ws/src/rmitbot_mapping'
[0.227s] INFO:colcon.colcon_core.shell:Skip shell extension 'powershell' for command environment: Not usable outside of PowerShell
[0.227s] DEBUG:colcon.colcon_core.shell:Skip shell extension 'dsv' for command environment
[0.233s] INFO:colcon.colcon_ros.task.ament_cmake.build:Building ROS package in '/home/v120506/rmitbot_v3/lesson6_ws/src/rmitbot_navigation' with build type 'ament_cmake'
[0.234s] INFO:colcon.colcon_cmake.task.cmake.build:Building CMake package in '/home/v120506/rmitbot_v3/lesson6_ws/src/rmitbot_navigation'
[0.234s] INFO:colcon.colcon_core.shell:Skip shell extension 'powershell' for command environment: Not usable outside of PowerShell
[0.234s] DEBUG:colcon.colcon_core.shell:Skip shell extension 'dsv' for command environment
[0.240s] INFO:colcon.colcon_ros.task.ament_cmake.build:Building ROS package in '/home/v120506/rmitbot_v3/lesson6_ws/src/rmitbot_vision' with build type 'ament_cmake'
[0.240s] INFO:colcon.colcon_cmake.task.cmake.build:Building CMake package in '/home/v120506/rmitbot_v3/lesson6_ws/src/rmitbot_vision'
[0.240s] INFO:colcon.colcon_core.shell:Skip shell extension 'powershell' for command environment: Not usable outside of PowerShell
[0.240s] DEBUG:colcon.colcon_core.shell:Skip shell extension 'dsv' for command environment
[0.250s] DEBUG:colcon.colcon_core.event_handler.log_command:Invoking command in '/home/v120506/rmitbot_v3/lesson6_ws/build/rmitbot_bringup': CMAKE_PREFIX_PATH=${CMAKE_PREFIX_PATH}:/opt/ros/jazzy DEBUGINFOD_URLS=https://debuginfod.ubuntu.com /usr/bin/cmake /home/v120506/rmitbot_v3/lesson6_ws/src/rmitbot_bringup -DCMAKE_INSTALL_PREFIX=/home/v120506/rmitbot_v3/lesson6_ws/install/rmitbot_bringup
[0.252s] DEBUG:colcon.colcon_core.event_handler.log_command:Invoking command in '/home/v120506/rmitbot_v3/lesson6_ws/build/rmitbot_controller': CMAKE_PREFIX_PATH=${CMAKE_PREFIX_PATH}:/opt/ros/jazzy DEBUGINFOD_URLS=https://debuginfod.ubuntu.com /usr/bin/cmake /home/v120506/rmitbot_v3/lesson6_ws/src/rmitbot_controller -DCMAKE_INSTALL_PREFIX=/home/v120506/rmitbot_v3/lesson6_ws/install/rmitbot_controller
[0.253s] DEBUG:colcon.colcon_core.event_handler.log_command:Invoking command in '/home/v120506/rmitbot_v3/lesson6_ws/build/rmitbot_description': CMAKE_PREFIX_PATH=${CMAKE_PREFIX_PATH}:/opt/ros/jazzy DEBUGINFOD_URLS=https://debuginfod.ubuntu.com /usr/bin/cmake /home/v120506/rmitbot_v3/lesson6_ws/src/rmitbot_description -DCMAKE_INSTALL_PREFIX=/home/v120506/rmitbot_v3/lesson6_ws/install/rmitbot_description
[0.255s] DEBUG:colcon.colcon_core.event_handler.log_command:Invoking command in '/home/v120506/rmitbot_v3/lesson6_ws/build/rmitbot_localization': CMAKE_PREFIX_PATH=${CMAKE_PREFIX_PATH}:/opt/ros/jazzy DEBUGINFOD_URLS=https://debuginfod.ubuntu.com /usr/bin/cmake /home/v120506/rmitbot_v3/lesson6_ws/src/rmitbot_localization -DCMAKE_INSTALL_PREFIX=/home/v120506/rmitbot_v3/lesson6_ws/install/rmitbot_localization
[0.257s] DEBUG:colcon.colcon_core.event_handler.log_command:Invoking command in '/home/v120506/rmitbot_v3/lesson6_ws/build/rmitbot_mapping': CMAKE_PREFIX_PATH=${CMAKE_PREFIX_PATH}:/opt/ros/jazzy DEBUGINFOD_URLS=https://debuginfod.ubuntu.com /usr/bin/cmake /home/v120506/rmitbot_v3/lesson6_ws/src/rmitbot_mapping -DCMAKE_INSTALL_PREFIX=/home/v120506/rmitbot_v3/lesson6_ws/install/rmitbot_mapping
[0.261s] DEBUG:colcon.colcon_core.event_handler.log_command:Invoking command in '/home/v120506/rmitbot_v3/lesson6_ws/build/rmitbot_navigation': CMAKE_PREFIX_PATH=${CMAKE_PREFIX_PATH}:/opt/ros/jazzy DEBUGINFOD_URLS=https://debuginfod.ubuntu.com /usr/bin/cmake /home/v120506/rmitbot_v3/lesson6_ws/src/rmitbot_navigation -DCMAKE_INSTALL_PREFIX=/home/v120506/rmitbot_v3/lesson6_ws/install/rmitbot_navigation
[0.286s] DEBUG:colcon.colcon_core.event_handler.log_command:Invoking command in '/home/v120506/rmitbot_v3/lesson6_ws/build/rmitbot_vision': CMAKE_PREFIX_PATH=${CMAKE_PREFIX_PATH}:/opt/ros/jazzy DEBUGINFOD_URLS=https://debuginfod.ubuntu.com /usr/bin/cmake /home/v120506/rmitbot_v3/lesson6_ws/src/rmitbot_vision -DCMAKE_INSTALL_PREFIX=/home/v120506/rmitbot_v3/lesson6_ws/install/rmitbot_vision
[1.481s] DEBUG:colcon.colcon_core.event_handler.log_command:Invoked command in '/home/v120506/rmitbot_v3/lesson6_ws/build/rmitbot_controller' returned '0': CMAKE_PREFIX_PATH=${CMAKE_PREFIX_PATH}:/opt/ros/jazzy DEBUGINFOD_URLS=https://debuginfod.ubuntu.com /usr/bin/cmake /home/v120506/rmitbot_v3/lesson6_ws/src/rmitbot_controller -DCMAKE_INSTALL_PREFIX=/home/v120506/rmitbot_v3/lesson6_ws/install/rmitbot_controller
[1.481s] DEBUG:colcon.colcon_core.event_handler.log_command:Invoking command in '/home/v120506/rmitbot_v3/lesson6_ws/build/rmitbot_controller': CMAKE_PREFIX_PATH=${CMAKE_PREFIX_PATH}:/opt/ros/jazzy DEBUGINFOD_URLS=https://debuginfod.ubuntu.com /usr/bin/cmake --build /home/v120506/rmitbot_v3/lesson6_ws/build/rmitbot_controller -- -j8 -l8
[1.530s] DEBUG:colcon.colcon_core.event_handler.log_command:Invoked command in '/home/v120506/rmitbot_v3/lesson6_ws/build/rmitbot_description' returned '0': CMAKE_PREFIX_PATH=${CMAKE_PREFIX_PATH}:/opt/ros/jazzy DEBUGINFOD_URLS=https://debuginfod.ubuntu.com /usr/bin/cmake /home/v120506/rmitbot_v3/lesson6_ws/src/rmitbot_description -DCMAKE_INSTALL_PREFIX=/home/v120506/rmitbot_v3/lesson6_ws/install/rmitbot_description
[1.532s] DEBUG:colcon.colcon_core.event_handler.log_command:Invoking command in '/home/v120506/rmitbot_v3/lesson6_ws/build/rmitbot_description': CMAKE_PREFIX_PATH=${CMAKE_PREFIX_PATH}:/opt/ros/jazzy DEBUGINFOD_URLS=https://debuginfod.ubuntu.com /usr/bin/cmake --build /home/v120506/rmitbot_v3/lesson6_ws/build/rmitbot_description -- -j8 -l8
[1.538s] DEBUG:colcon.colcon_core.event_handler.log_command:Invoked command in '/home/v120506/rmitbot_v3/lesson6_ws/build/rmitbot_controller' returned '0': CMAKE_PREFIX_PATH=${CMAKE_PREFIX_PATH}:/opt/ros/jazzy DEBUGINFOD_URLS=https://debuginfod.ubuntu.com /usr/bin/cmake --build /home/v120506/rmitbot_v3/lesson6_ws/build/rmitbot_controller -- -j8 -l8
[1.553s] DEBUG:colcon.colcon_core.event_handler.log_command:Invoking command in '/home/v120506/rmitbot_v3/lesson6_ws/build/rmitbot_controller': CMAKE_PREFIX_PATH=${CMAKE_PREFIX_PATH}:/opt/ros/jazzy DEBUGINFOD_URLS=https://debuginfod.ubuntu.com /usr/bin/cmake --install /home/v120506/rmitbot_v3/lesson6_ws/build/rmitbot_controller
[1.556s] DEBUG:colcon.colcon_core.event_handler.log_command:Invoked command in '/home/v120506/rmitbot_v3/lesson6_ws/build/rmitbot_bringup' returned '0': CMAKE_PREFIX_PATH=${CMAKE_PREFIX_PATH}:/opt/ros/jazzy DEBUGINFOD_URLS=https://debuginfod.ubuntu.com /usr/bin/cmake /home/v120506/rmitbot_v3/lesson6_ws/src/rmitbot_bringup -DCMAKE_INSTALL_PREFIX=/home/v120506/rmitbot_v3/lesson6_ws/install/rmitbot_bringup
[1.557s] DEBUG:colcon.colcon_core.event_handler.log_command:Invoking command in '/home/v120506/rmitbot_v3/lesson6_ws/build/rmitbot_bringup': CMAKE_PREFIX_PATH=${CMAKE_PREFIX_PATH}:/opt/ros/jazzy DEBUGINFOD_URLS=https://debuginfod.ubuntu.com /usr/bin/cmake --build /home/v120506/rmitbot_v3/lesson6_ws/build/rmitbot_bringup -- -j8 -l8
[1.562s] DEBUG:colcon.colcon_core.event_handler.log_command:Invoked command in '/home/v120506/rmitbot_v3/lesson6_ws/build/rmitbot_mapping' returned '0': CMAKE_PREFIX_PATH=${CMAKE_PREFIX_PATH}:/opt/ros/jazzy DEBUGINFOD_URLS=https://debuginfod.ubuntu.com /usr/bin/cmake /home/v120506/rmitbot_v3/lesson6_ws/src/rmitbot_mapping -DCMAKE_INSTALL_PREFIX=/home/v120506/rmitbot_v3/lesson6_ws/install/rmitbot_mapping
[1.562s] DEBUG:colcon.colcon_core.event_handler.log_command:Invoking command in '/home/v120506/rmitbot_v3/lesson6_ws/build/rmitbot_mapping': CMAKE_PREFIX_PATH=${CMAKE_PREFIX_PATH}:/opt/ros/jazzy DEBUGINFOD_URLS=https://debuginfod.ubuntu.com /usr/bin/cmake --build /home/v120506/rmitbot_v3/lesson6_ws/build/rmitbot_mapping -- -j8 -l8
[1.571s] DEBUG:colcon.colcon_core.event_handler.log_command:Invoked command in '/home/v120506/rmitbot_v3/lesson6_ws/build/rmitbot_navigation' returned '0': CMAKE_PREFIX_PATH=${CMAKE_PREFIX_PATH}:/opt/ros/jazzy DEBUGINFOD_URLS=https://debuginfod.ubuntu.com /usr/bin/cmake /home/v120506/rmitbot_v3/lesson6_ws/src/rmitbot_navigation -DCMAKE_INSTALL_PREFIX=/home/v120506/rmitbot_v3/lesson6_ws/install/rmitbot_navigation
[1.572s] DEBUG:colcon.colcon_core.event_handler.log_command:Invoking command in '/home/v120506/rmitbot_v3/lesson6_ws/build/rmitbot_navigation': CMAKE_PREFIX_PATH=${CMAKE_PREFIX_PATH}:/opt/ros/jazzy DEBUGINFOD_URLS=https://debuginfod.ubuntu.com /usr/bin/cmake --build /home/v120506/rmitbot_v3/lesson6_ws/build/rmitbot_navigation -- -j8 -l8
[1.573s] Level 1:colcon.colcon_core.environment:create_environment_scripts_only(rmitbot_controller)
[1.574s] DEBUG:colcon.colcon_core.event_handler.log_command:Invoked command in '/home/v120506/rmitbot_v3/lesson6_ws/build/rmitbot_controller' returned '0': CMAKE_PREFIX_PATH=${CMAKE_PREFIX_PATH}:/opt/ros/jazzy DEBUGINFOD_URLS=https://debuginfod.ubuntu.com /usr/bin/cmake --install /home/v120506/rmitbot_v3/lesson6_ws/build/rmitbot_controller
[1.576s] Level 1:colcon.colcon_core.environment:checking '/home/v120506/rmitbot_v3/lesson6_ws/install/rmitbot_controller' for CMake module files
[1.576s] Level 1:colcon.colcon_core.environment:checking '/home/v120506/rmitbot_v3/lesson6_ws/install/rmitbot_controller' for CMake config files
[1.577s] Level 1:colcon.colcon_core.shell:create_environment_hook('rmitbot_controller', 'cmake_prefix_path')
[1.577s] INFO:colcon.colcon_core.shell:Creating environment hook '/home/v120506/rmitbot_v3/lesson6_ws/install/rmitbot_controller/share/rmitbot_controller/hook/cmake_prefix_path.ps1'
[1.577s] INFO:colcon.colcon_core.shell:Creating environment descriptor '/home/v120506/rmitbot_v3/lesson6_ws/install/rmitbot_controller/share/rmitbot_controller/hook/cmake_prefix_path.dsv'
[1.578s] INFO:colcon.colcon_core.shell:Creating environment hook '/home/v120506/rmitbot_v3/lesson6_ws/install/rmitbot_controller/share/rmitbot_controller/hook/cmake_prefix_path.sh'
[1.579s] Level 1:colcon.colcon_core.environment:checking '/home/v120506/rmitbot_v3/lesson6_ws/install/rmitbot_controller/bin'
[1.579s] Level 1:colcon.colcon_core.environment:checking '/home/v120506/rmitbot_v3/lesson6_ws/install/rmitbot_controller/lib/pkgconfig/rmitbot_controller.pc'
[1.579s] Level 1:colcon.colcon_core.environment:checking '/home/v120506/rmitbot_v3/lesson6_ws/install/rmitbot_controller/lib/python3.12/site-packages'
[1.579s] Level 1:colcon.colcon_core.environment:checking '/home/v120506/rmitbot_v3/lesson6_ws/install/rmitbot_controller/bin'
[1.579s] INFO:colcon.colcon_core.shell:Creating package script '/home/v120506/rmitbot_v3/lesson6_ws/install/rmitbot_controller/share/rmitbot_controller/package.ps1'
[1.580s] INFO:colcon.colcon_core.shell:Creating package descriptor '/home/v120506/rmitbot_v3/lesson6_ws/install/rmitbot_controller/share/rmitbot_controller/package.dsv'
[1.581s] INFO:colcon.colcon_core.shell:Creating package script '/home/v120506/rmitbot_v3/lesson6_ws/install/rmitbot_controller/share/rmitbot_controller/package.sh'
[1.581s] INFO:colcon.colcon_core.shell:Creating package script '/home/v120506/rmitbot_v3/lesson6_ws/install/rmitbot_controller/share/rmitbot_controller/package.bash'
[1.582s] INFO:colcon.colcon_core.shell:Creating package script '/home/v120506/rmitbot_v3/lesson6_ws/install/rmitbot_controller/share/rmitbot_controller/package.zsh'
[1.582s] Level 1:colcon.colcon_core.environment:create_file_with_runtime_dependencies(/home/v120506/rmitbot_v3/lesson6_ws/install/rmitbot_controller/share/colcon-core/packages/rmitbot_controller)
[1.583s] Level 1:colcon.colcon_core.environment:create_environment_scripts_only(rmitbot_controller)
[1.583s] Level 1:colcon.colcon_core.environment:checking '/home/v120506/rmitbot_v3/lesson6_ws/install/rmitbot_controller' for CMake module files
[1.584s] Level 1:colcon.colcon_core.environment:checking '/home/v120506/rmitbot_v3/lesson6_ws/install/rmitbot_controller' for CMake config files
[1.584s] Level 1:colcon.colcon_core.shell:create_environment_hook('rmitbot_controller', 'cmake_prefix_path')
[1.584s] INFO:colcon.colcon_core.shell:Creating environment hook '/home/v120506/rmitbot_v3/lesson6_ws/install/rmitbot_controller/share/rmitbot_controller/hook/cmake_prefix_path.ps1'
[1.585s] INFO:colcon.colcon_core.shell:Creating environment descriptor '/home/v120506/rmitbot_v3/lesson6_ws/install/rmitbot_controller/share/rmitbot_controller/hook/cmake_prefix_path.dsv'
[1.585s] INFO:colcon.colcon_core.shell:Creating environment hook '/home/v120506/rmitbot_v3/lesson6_ws/install/rmitbot_controller/share/rmitbot_controller/hook/cmake_prefix_path.sh'
[1.586s] Level 1:colcon.colcon_core.environment:checking '/home/v120506/rmitbot_v3/lesson6_ws/install/rmitbot_controller/bin'
[1.586s] Level 1:colcon.colcon_core.environment:checking '/home/v120506/rmitbot_v3/lesson6_ws/install/rmitbot_controller/lib/pkgconfig/rmitbot_controller.pc'
[1.586s] Level 1:colcon.colcon_core.environment:checking '/home/v120506/rmitbot_v3/lesson6_ws/install/rmitbot_controller/lib/python3.12/site-packages'
[1.587s] Level 1:colcon.colcon_core.environment:checking '/home/v120506/rmitbot_v3/lesson6_ws/install/rmitbot_controller/bin'
[1.587s] INFO:colcon.colcon_core.shell:Creating package script '/home/v120506/rmitbot_v3/lesson6_ws/install/rmitbot_controller/share/rmitbot_controller/package.ps1'
[1.587s] INFO:colcon.colcon_core.shell:Creating package descriptor '/home/v120506/rmitbot_v3/lesson6_ws/install/rmitbot_controller/share/rmitbot_controller/package.dsv'
[1.588s] INFO:colcon.colcon_core.shell:Creating package script '/home/v120506/rmitbot_v3/lesson6_ws/install/rmitbot_controller/share/rmitbot_controller/package.sh'
[1.588s] INFO:colcon.colcon_core.shell:Creating package script '/home/v120506/rmitbot_v3/lesson6_ws/install/rmitbot_controller/share/rmitbot_controller/package.bash'
[1.589s] INFO:colcon.colcon_core.shell:Creating package script '/home/v120506/rmitbot_v3/lesson6_ws/install/rmitbot_controller/share/rmitbot_controller/package.zsh'
[1.589s] Level 1:colcon.colcon_core.environment:create_file_with_runtime_dependencies(/home/v120506/rmitbot_v3/lesson6_ws/install/rmitbot_controller/share/colcon-core/packages/rmitbot_controller)
[1.591s] DEBUG:colcon.colcon_core.event_handler.log_command:Invoked command in '/home/v120506/rmitbot_v3/lesson6_ws/build/rmitbot_description' returned '0': CMAKE_PREFIX_PATH=${CMAKE_PREFIX_PATH}:/opt/ros/jazzy DEBUGINFOD_URLS=https://debuginfod.ubuntu.com /usr/bin/cmake --build /home/v120506/rmitbot_v3/lesson6_ws/build/rmitbot_description -- -j8 -l8
[1.593s] DEBUG:colcon.colcon_core.event_handler.log_command:Invoking command in '/home/v120506/rmitbot_v3/lesson6_ws/build/rmitbot_description': CMAKE_PREFIX_PATH=${CMAKE_PREFIX_PATH}:/opt/ros/jazzy DEBUGINFOD_URLS=https://debuginfod.ubuntu.com /usr/bin/cmake --install /home/v120506/rmitbot_v3/lesson6_ws/build/rmitbot_description
[1.614s] DEBUG:colcon.colcon_core.event_handler.log_command:Invoked command in '/home/v120506/rmitbot_v3/lesson6_ws/build/rmitbot_vision' returned '0': CMAKE_PREFIX_PATH=${CMAKE_PREFIX_PATH}:/opt/ros/jazzy DEBUGINFOD_URLS=https://debuginfod.ubuntu.com /usr/bin/cmake /home/v120506/rmitbot_v3/lesson6_ws/src/rmitbot_vision -DCMAKE_INSTALL_PREFIX=/home/v120506/rmitbot_v3/lesson6_ws/install/rmitbot_vision
[1.616s] DEBUG:colcon.colcon_core.event_handler.log_command:Invoking command in '/home/v120506/rmitbot_v3/lesson6_ws/build/rmitbot_vision': CMAKE_PREFIX_PATH=${CMAKE_PREFIX_PATH}:/opt/ros/jazzy DEBUGINFOD_URLS=https://debuginfod.ubuntu.com /usr/bin/cmake --build /home/v120506/rmitbot_v3/lesson6_ws/build/rmitbot_vision -- -j8 -l8
[1.618s] DEBUG:colcon.colcon_core.event_handler.log_command:Invoked command in '/home/v120506/rmitbot_v3/lesson6_ws/build/rmitbot_bringup' returned '0': CMAKE_PREFIX_PATH=${CMAKE_PREFIX_PATH}:/opt/ros/jazzy DEBUGINFOD_URLS=https://debuginfod.ubuntu.com /usr/bin/cmake --build /home/v120506/rmitbot_v3/lesson6_ws/build/rmitbot_bringup -- -j8 -l8
[1.620s] DEBUG:colcon.colcon_core.event_handler.log_command:Invoking command in '/home/v120506/rmitbot_v3/lesson6_ws/build/rmitbot_bringup': CMAKE_PREFIX_PATH=${CMAKE_PREFIX_PATH}:/opt/ros/jazzy DEBUGINFOD_URLS=https://debuginfod.ubuntu.com /usr/bin/cmake --install /home/v120506/rmitbot_v3/lesson6_ws/build/rmitbot_bringup
[1.621s] DEBUG:colcon.colcon_core.event_handler.log_command:Invoked command in '/home/v120506/rmitbot_v3/lesson6_ws/build/rmitbot_mapping' returned '0': CMAKE_PREFIX_PATH=${CMAKE_PREFIX_PATH}:/opt/ros/jazzy DEBUGINFOD_URLS=https://debuginfod.ubuntu.com /usr/bin/cmake --build /home/v120506/rmitbot_v3/lesson6_ws/build/rmitbot_mapping -- -j8 -l8
[1.622s] DEBUG:colcon.colcon_core.event_handler.log_command:Invoking command in '/home/v120506/rmitbot_v3/lesson6_ws/build/rmitbot_mapping': CMAKE_PREFIX_PATH=${CMAKE_PREFIX_PATH}:/opt/ros/jazzy DEBUGINFOD_URLS=https://debuginfod.ubuntu.com /usr/bin/cmake --install /home/v120506/rmitbot_v3/lesson6_ws/build/rmitbot_mapping
[1.627s] DEBUG:colcon.colcon_core.event_handler.log_command:Invoked command in '/home/v120506/rmitbot_v3/lesson6_ws/build/rmitbot_navigation' returned '0': CMAKE_PREFIX_PATH=${CMAKE_PREFIX_PATH}:/opt/ros/jazzy DEBUGINFOD_URLS=https://debuginfod.ubuntu.com /usr/bin/cmake --build /home/v120506/rmitbot_v3/lesson6_ws/build/rmitbot_navigation -- -j8 -l8
[1.629s] DEBUG:colcon.colcon_core.event_handler.log_command:Invoking command in '/home/v120506/rmitbot_v3/lesson6_ws/build/rmitbot_navigation': CMAKE_PREFIX_PATH=${CMAKE_PREFIX_PATH}:/opt/ros/jazzy DEBUGINFOD_URLS=https://debuginfod.ubuntu.com /usr/bin/cmake --install /home/v120506/rmitbot_v3/lesson6_ws/build/rmitbot_navigation
[1.637s] Level 1:colcon.colcon_core.environment:create_environment_scripts_only(rmitbot_bringup)
[1.638s] DEBUG:colcon.colcon_core.event_handler.log_command:Invoked command in '/home/v120506/rmitbot_v3/lesson6_ws/build/rmitbot_bringup' returned '0': CMAKE_PREFIX_PATH=${CMAKE_PREFIX_PATH}:/opt/ros/jazzy DEBUGINFOD_URLS=https://debuginfod.ubuntu.com /usr/bin/cmake --install /home/v120506/rmitbot_v3/lesson6_ws/build/rmitbot_bringup
[1.638s] Level 1:colcon.colcon_core.environment:checking '/home/v120506/rmitbot_v3/lesson6_ws/install/rmitbot_bringup' for CMake module files
[1.639s] Level 1:colcon.colcon_core.environment:checking '/home/v120506/rmitbot_v3/lesson6_ws/install/rmitbot_bringup' for CMake config files
[1.639s] Level 1:colcon.colcon_core.shell:create_environment_hook('rmitbot_bringup', 'cmake_prefix_path')
[1.639s] INFO:colcon.colcon_core.shell:Creating environment hook '/home/v120506/rmitbot_v3/lesson6_ws/install/rmitbot_bringup/share/rmitbot_bringup/hook/cmake_prefix_path.ps1'
[1.640s] INFO:colcon.colcon_core.shell:Creating environment descriptor '/home/v120506/rmitbot_v3/lesson6_ws/install/rmitbot_bringup/share/rmitbot_bringup/hook/cmake_prefix_path.dsv'
[1.641s] INFO:colcon.colcon_core.shell:Creating environment hook '/home/v120506/rmitbot_v3/lesson6_ws/install/rmitbot_bringup/share/rmitbot_bringup/hook/cmake_prefix_path.sh'
[1.641s] Level 1:colcon.colcon_core.environment:checking '/home/v120506/rmitbot_v3/lesson6_ws/install/rmitbot_bringup/bin'
[1.641s] Level 1:colcon.colcon_core.environment:checking '/home/v120506/rmitbot_v3/lesson6_ws/install/rmitbot_bringup/lib/pkgconfig/rmitbot_bringup.pc'
[1.642s] Level 1:colcon.colcon_core.environment:checking '/home/v120506/rmitbot_v3/lesson6_ws/install/rmitbot_bringup/lib/python3.12/site-packages'
[1.642s] Level 1:colcon.colcon_core.environment:checking '/home/v120506/rmitbot_v3/lesson6_ws/install/rmitbot_bringup/bin'
[1.642s] INFO:colcon.colcon_core.shell:Creating package script '/home/v120506/rmitbot_v3/lesson6_ws/install/rmitbot_bringup/share/rmitbot_bringup/package.ps1'
[1.643s] INFO:colcon.colcon_core.shell:Creating package descriptor '/home/v120506/rmitbot_v3/lesson6_ws/install/rmitbot_bringup/share/rmitbot_bringup/package.dsv'
[1.643s] INFO:colcon.colcon_core.shell:Creating package script '/home/v120506/rmitbot_v3/lesson6_ws/install/rmitbot_bringup/share/rmitbot_bringup/package.sh'
[1.644s] INFO:colcon.colcon_core.shell:Creating package script '/home/v120506/rmitbot_v3/lesson6_ws/install/rmitbot_bringup/share/rmitbot_bringup/package.bash'
[1.645s] INFO:colcon.colcon_core.shell:Creating package script '/home/v120506/rmitbot_v3/lesson6_ws/install/rmitbot_bringup/share/rmitbot_bringup/package.zsh'
[1.646s] Level 1:colcon.colcon_core.environment:create_file_with_runtime_dependencies(/home/v120506/rmitbot_v3/lesson6_ws/install/rmitbot_bringup/share/colcon-core/packages/rmitbot_bringup)
[1.647s] Level 1:colcon.colcon_core.environment:create_environment_scripts_only(rmitbot_bringup)
[1.647s] Level 1:colcon.colcon_core.environment:checking '/home/v120506/rmitbot_v3/lesson6_ws/install/rmitbot_bringup' for CMake module files
[1.648s] Level 1:colcon.colcon_core.environment:checking '/home/v120506/rmitbot_v3/lesson6_ws/install/rmitbot_bringup' for CMake config files
[1.648s] Level 1:colcon.colcon_core.shell:create_environment_hook('rmitbot_bringup', 'cmake_prefix_path')
[1.648s] INFO:colcon.colcon_core.shell:Creating environment hook '/home/v120506/rmitbot_v3/lesson6_ws/install/rmitbot_bringup/share/rmitbot_bringup/hook/cmake_prefix_path.ps1'
[1.649s] INFO:colcon.colcon_core.shell:Creating environment descriptor '/home/v120506/rmitbot_v3/lesson6_ws/install/rmitbot_bringup/share/rmitbot_bringup/hook/cmake_prefix_path.dsv'
[1.650s] INFO:colcon.colcon_core.shell:Creating environment hook '/home/v120506/rmitbot_v3/lesson6_ws/install/rmitbot_bringup/share/rmitbot_bringup/hook/cmake_prefix_path.sh'
[1.650s] Level 1:colcon.colcon_core.environment:checking '/home/v120506/rmitbot_v3/lesson6_ws/install/rmitbot_bringup/bin'
[1.651s] Level 1:colcon.colcon_core.environment:checking '/home/v120506/rmitbot_v3/lesson6_ws/install/rmitbot_bringup/lib/pkgconfig/rmitbot_bringup.pc'
[1.651s] Level 1:colcon.colcon_core.environment:checking '/home/v120506/rmitbot_v3/lesson6_ws/install/rmitbot_bringup/lib/python3.12/site-packages'
[1.651s] Level 1:colcon.colcon_core.environment:checking '/home/v120506/rmitbot_v3/lesson6_ws/install/rmitbot_bringup/bin'
[1.652s] INFO:colcon.colcon_core.shell:Creating package script '/home/v120506/rmitbot_v3/lesson6_ws/install/rmitbot_bringup/share/rmitbot_bringup/package.ps1'
[1.653s] INFO:colcon.colcon_core.shell:Creating package descriptor '/home/v120506/rmitbot_v3/lesson6_ws/install/rmitbot_bringup/share/rmitbot_bringup/package.dsv'
[1.655s] INFO:colcon.colcon_core.shell:Creating package script '/home/v120506/rmitbot_v3/lesson6_ws/install/rmitbot_bringup/share/rmitbot_bringup/package.sh'
[1.656s] INFO:colcon.colcon_core.shell:Creating package script '/home/v120506/rmitbot_v3/lesson6_ws/install/rmitbot_bringup/share/rmitbot_bringup/package.bash'
[1.656s] INFO:colcon.colcon_core.shell:Creating package script '/home/v120506/rmitbot_v3/lesson6_ws/install/rmitbot_bringup/share/rmitbot_bringup/package.zsh'
[1.657s] Level 1:colcon.colcon_core.environment:create_file_with_runtime_dependencies(/home/v120506/rmitbot_v3/lesson6_ws/install/rmitbot_bringup/share/colcon-core/packages/rmitbot_bringup)
[1.658s] Level 1:colcon.colcon_core.environment:create_environment_scripts_only(rmitbot_navigation)
[1.658s] Level 1:colcon.colcon_core.environment:checking '/home/v120506/rmitbot_v3/lesson6_ws/install/rmitbot_navigation' for CMake module files
[1.659s] DEBUG:colcon.colcon_core.event_handler.log_command:Invoked command in '/home/v120506/rmitbot_v3/lesson6_ws/build/rmitbot_navigation' returned '0': CMAKE_PREFIX_PATH=${CMAKE_PREFIX_PATH}:/opt/ros/jazzy DEBUGINFOD_URLS=https://debuginfod.ubuntu.com /usr/bin/cmake --install /home/v120506/rmitbot_v3/lesson6_ws/build/rmitbot_navigation
[1.659s] Level 1:colcon.colcon_core.environment:checking '/home/v120506/rmitbot_v3/lesson6_ws/install/rmitbot_navigation' for CMake config files
[1.659s] Level 1:colcon.colcon_core.shell:create_environment_hook('rmitbot_navigation', 'cmake_prefix_path')
[1.659s] INFO:colcon.colcon_core.shell:Creating environment hook '/home/v120506/rmitbot_v3/lesson6_ws/install/rmitbot_navigation/share/rmitbot_navigation/hook/cmake_prefix_path.ps1'
[1.660s] INFO:colcon.colcon_core.shell:Creating environment descriptor '/home/v120506/rmitbot_v3/lesson6_ws/install/rmitbot_navigation/share/rmitbot_navigation/hook/cmake_prefix_path.dsv'
[1.660s] INFO:colcon.colcon_core.shell:Creating environment hook '/home/v120506/rmitbot_v3/lesson6_ws/install/rmitbot_navigation/share/rmitbot_navigation/hook/cmake_prefix_path.sh'
[1.661s] Level 1:colcon.colcon_core.environment:checking '/home/v120506/rmitbot_v3/lesson6_ws/install/rmitbot_navigation/bin'
[1.661s] Level 1:colcon.colcon_core.environment:checking '/home/v120506/rmitbot_v3/lesson6_ws/install/rmitbot_navigation/lib/pkgconfig/rmitbot_navigation.pc'
[1.661s] Level 1:colcon.colcon_core.environment:checking '/home/v120506/rmitbot_v3/lesson6_ws/install/rmitbot_navigation/lib/python3.12/site-packages'
[1.661s] Level 1:colcon.colcon_core.environment:checking '/home/v120506/rmitbot_v3/lesson6_ws/install/rmitbot_navigation/bin'
[1.661s] INFO:colcon.colcon_core.shell:Creating package script '/home/v120506/rmitbot_v3/lesson6_ws/install/rmitbot_navigation/share/rmitbot_navigation/package.ps1'
[1.662s] INFO:colcon.colcon_core.shell:Creating package descriptor '/home/v120506/rmitbot_v3/lesson6_ws/install/rmitbot_navigation/share/rmitbot_navigation/package.dsv'
[1.662s] INFO:colcon.colcon_core.shell:Creating package script '/home/v120506/rmitbot_v3/lesson6_ws/install/rmitbot_navigation/share/rmitbot_navigation/package.sh'
[1.662s] INFO:colcon.colcon_core.shell:Creating package script '/home/v120506/rmitbot_v3/lesson6_ws/install/rmitbot_navigation/share/rmitbot_navigation/package.bash'
[1.662s] INFO:colcon.colcon_core.shell:Creating package script '/home/v120506/rmitbot_v3/lesson6_ws/install/rmitbot_navigation/share/rmitbot_navigation/package.zsh'
[1.663s] Level 1:colcon.colcon_core.environment:create_file_with_runtime_dependencies(/home/v120506/rmitbot_v3/lesson6_ws/install/rmitbot_navigation/share/colcon-core/packages/rmitbot_navigation)
[1.663s] Level 1:colcon.colcon_core.environment:create_environment_scripts_only(rmitbot_navigation)
[1.663s] Level 1:colcon.colcon_core.environment:checking '/home/v120506/rmitbot_v3/lesson6_ws/install/rmitbot_navigation' for CMake module files
[1.663s] Level 1:colcon.colcon_core.environment:checking '/home/v120506/rmitbot_v3/lesson6_ws/install/rmitbot_navigation' for CMake config files
[1.664s] Level 1:colcon.colcon_core.shell:create_environment_hook('rmitbot_navigation', 'cmake_prefix_path')
[1.664s] INFO:colcon.colcon_core.shell:Creating environment hook '/home/v120506/rmitbot_v3/lesson6_ws/install/rmitbot_navigation/share/rmitbot_navigation/hook/cmake_prefix_path.ps1'
[1.664s] INFO:colcon.colcon_core.shell:Creating environment descriptor '/home/v120506/rmitbot_v3/lesson6_ws/install/rmitbot_navigation/share/rmitbot_navigation/hook/cmake_prefix_path.dsv'
[1.664s] INFO:colcon.colcon_core.shell:Creating environment hook '/home/v120506/rmitbot_v3/lesson6_ws/install/rmitbot_navigation/share/rmitbot_navigation/hook/cmake_prefix_path.sh'
[1.665s] Level 1:colcon.colcon_core.environment:checking '/home/v120506/rmitbot_v3/lesson6_ws/install/rmitbot_navigation/bin'
[1.665s] Level 1:colcon.colcon_core.environment:checking '/home/v120506/rmitbot_v3/lesson6_ws/install/rmitbot_navigation/lib/pkgconfig/rmitbot_navigation.pc'
[1.665s] Level 1:colcon.colcon_core.environment:checking '/home/v120506/rmitbot_v3/lesson6_ws/install/rmitbot_navigation/lib/python3.12/site-packages'
[1.665s] Level 1:colcon.colcon_core.environment:checking '/home/v120506/rmitbot_v3/lesson6_ws/install/rmitbot_navigation/bin'
[1.665s] INFO:colcon.colcon_core.shell:Creating package script '/home/v120506/rmitbot_v3/lesson6_ws/install/rmitbot_navigation/share/rmitbot_navigation/package.ps1'
[1.665s] INFO:colcon.colcon_core.shell:Creating package descriptor '/home/v120506/rmitbot_v3/lesson6_ws/install/rmitbot_navigation/share/rmitbot_navigation/package.dsv'
[1.666s] INFO:colcon.colcon_core.shell:Creating package script '/home/v120506/rmitbot_v3/lesson6_ws/install/rmitbot_navigation/share/rmitbot_navigation/package.sh'
[1.666s] INFO:colcon.colcon_core.shell:Creating package script '/home/v120506/rmitbot_v3/lesson6_ws/install/rmitbot_navigation/share/rmitbot_navigation/package.bash'
[1.666s] INFO:colcon.colcon_core.shell:Creating package script '/home/v120506/rmitbot_v3/lesson6_ws/install/rmitbot_navigation/share/rmitbot_navigation/package.zsh'
[1.666s] Level 1:colcon.colcon_core.environment:create_file_with_runtime_dependencies(/home/v120506/rmitbot_v3/lesson6_ws/install/rmitbot_navigation/share/colcon-core/packages/rmitbot_navigation)
[1.667s] Level 1:colcon.colcon_core.environment:create_environment_scripts_only(rmitbot_mapping)
[1.667s] Level 1:colcon.colcon_core.environment:checking '/home/v120506/rmitbot_v3/lesson6_ws/install/rmitbot_mapping' for CMake module files
[1.668s] Level 1:colcon.colcon_core.environment:checking '/home/v120506/rmitbot_v3/lesson6_ws/install/rmitbot_mapping' for CMake config files
[1.668s] DEBUG:colcon.colcon_core.event_handler.log_command:Invoked command in '/home/v120506/rmitbot_v3/lesson6_ws/build/rmitbot_mapping' returned '0': CMAKE_PREFIX_PATH=${CMAKE_PREFIX_PATH}:/opt/ros/jazzy DEBUGINFOD_URLS=https://debuginfod.ubuntu.com /usr/bin/cmake --install /home/v120506/rmitbot_v3/lesson6_ws/build/rmitbot_mapping
[1.668s] Level 1:colcon.colcon_core.shell:create_environment_hook('rmitbot_mapping', 'cmake_prefix_path')
[1.668s] INFO:colcon.colcon_core.shell:Creating environment hook '/home/v120506/rmitbot_v3/lesson6_ws/install/rmitbot_mapping/share/rmitbot_mapping/hook/cmake_prefix_path.ps1'
[1.668s] INFO:colcon.colcon_core.shell:Creating environment descriptor '/home/v120506/rmitbot_v3/lesson6_ws/install/rmitbot_mapping/share/rmitbot_mapping/hook/cmake_prefix_path.dsv'
[1.668s] INFO:colcon.colcon_core.shell:Creating environment hook '/home/v120506/rmitbot_v3/lesson6_ws/install/rmitbot_mapping/share/rmitbot_mapping/hook/cmake_prefix_path.sh'
[1.669s] Level 1:colcon.colcon_core.environment:checking '/home/v120506/rmitbot_v3/lesson6_ws/install/rmitbot_mapping/bin'
[1.669s] Level 1:colcon.colcon_core.environment:checking '/home/v120506/rmitbot_v3/lesson6_ws/install/rmitbot_mapping/lib/pkgconfig/rmitbot_mapping.pc'
[1.669s] Level 1:colcon.colcon_core.environment:checking '/home/v120506/rmitbot_v3/lesson6_ws/install/rmitbot_mapping/lib/python3.12/site-packages'
[1.669s] Level 1:colcon.colcon_core.environment:checking '/home/v120506/rmitbot_v3/lesson6_ws/install/rmitbot_mapping/bin'
[1.669s] INFO:colcon.colcon_core.shell:Creating package script '/home/v120506/rmitbot_v3/lesson6_ws/install/rmitbot_mapping/share/rmitbot_mapping/package.ps1'
[1.670s] INFO:colcon.colcon_core.shell:Creating package descriptor '/home/v120506/rmitbot_v3/lesson6_ws/install/rmitbot_mapping/share/rmitbot_mapping/package.dsv'
[1.670s] INFO:colcon.colcon_core.shell:Creating package script '/home/v120506/rmitbot_v3/lesson6_ws/install/rmitbot_mapping/share/rmitbot_mapping/package.sh'
[1.670s] INFO:colcon.colcon_core.shell:Creating package script '/home/v120506/rmitbot_v3/lesson6_ws/install/rmitbot_mapping/share/rmitbot_mapping/package.bash'
[1.670s] INFO:colcon.colcon_core.shell:Creating package script '/home/v120506/rmitbot_v3/lesson6_ws/install/rmitbot_mapping/share/rmitbot_mapping/package.zsh'
[1.670s] Level 1:colcon.colcon_core.environment:create_file_with_runtime_dependencies(/home/v120506/rmitbot_v3/lesson6_ws/install/rmitbot_mapping/share/colcon-core/packages/rmitbot_mapping)
[1.671s] Level 1:colcon.colcon_core.environment:create_environment_scripts_only(rmitbot_mapping)
[1.671s] Level 1:colcon.colcon_core.environment:checking '/home/v120506/rmitbot_v3/lesson6_ws/install/rmitbot_mapping' for CMake module files
[1.671s] Level 1:colcon.colcon_core.environment:checking '/home/v120506/rmitbot_v3/lesson6_ws/install/rmitbot_mapping' for CMake config files
[1.671s] Level 1:colcon.colcon_core.shell:create_environment_hook('rmitbot_mapping', 'cmake_prefix_path')
[1.671s] INFO:colcon.colcon_core.shell:Creating environment hook '/home/v120506/rmitbot_v3/lesson6_ws/install/rmitbot_mapping/share/rmitbot_mapping/hook/cmake_prefix_path.ps1'
[1.672s] INFO:colcon.colcon_core.shell:Creating environment descriptor '/home/v120506/rmitbot_v3/lesson6_ws/install/rmitbot_mapping/share/rmitbot_mapping/hook/cmake_prefix_path.dsv'
[1.672s] INFO:colcon.colcon_core.shell:Creating environment hook '/home/v120506/rmitbot_v3/lesson6_ws/install/rmitbot_mapping/share/rmitbot_mapping/hook/cmake_prefix_path.sh'
[1.672s] Level 1:colcon.colcon_core.environment:checking '/home/v120506/rmitbot_v3/lesson6_ws/install/rmitbot_mapping/bin'
[1.672s] Level 1:colcon.colcon_core.environment:checking '/home/v120506/rmitbot_v3/lesson6_ws/install/rmitbot_mapping/lib/pkgconfig/rmitbot_mapping.pc'
[1.673s] Level 1:colcon.colcon_core.environment:checking '/home/v120506/rmitbot_v3/lesson6_ws/install/rmitbot_mapping/lib/python3.12/site-packages'
[1.673s] Level 1:colcon.colcon_core.environment:checking '/home/v120506/rmitbot_v3/lesson6_ws/install/rmitbot_mapping/bin'
[1.673s] INFO:colcon.colcon_core.shell:Creating package script '/home/v120506/rmitbot_v3/lesson6_ws/install/rmitbot_mapping/share/rmitbot_mapping/package.ps1'
[1.673s] INFO:colcon.colcon_core.shell:Creating package descriptor '/home/v120506/rmitbot_v3/lesson6_ws/install/rmitbot_mapping/share/rmitbot_mapping/package.dsv'
[1.674s] INFO:colcon.colcon_core.shell:Creating package script '/home/v120506/rmitbot_v3/lesson6_ws/install/rmitbot_mapping/share/rmitbot_mapping/package.sh'
[1.674s] INFO:colcon.colcon_core.shell:Creating package script '/home/v120506/rmitbot_v3/lesson6_ws/install/rmitbot_mapping/share/rmitbot_mapping/package.bash'
[1.674s] INFO:colcon.colcon_core.shell:Creating package script '/home/v120506/rmitbot_v3/lesson6_ws/install/rmitbot_mapping/share/rmitbot_mapping/package.zsh'
[1.674s] Level 1:colcon.colcon_core.environment:create_file_with_runtime_dependencies(/home/v120506/rmitbot_v3/lesson6_ws/install/rmitbot_mapping/share/colcon-core/packages/rmitbot_mapping)
[1.675s] Level 1:colcon.colcon_core.environment:create_environment_scripts_only(rmitbot_description)
[1.675s] Level 1:colcon.colcon_core.environment:checking '/home/v120506/rmitbot_v3/lesson6_ws/install/rmitbot_description' for CMake module files
[1.676s] Level 1:colcon.colcon_core.environment:checking '/home/v120506/rmitbot_v3/lesson6_ws/install/rmitbot_description' for CMake config files
[1.676s] DEBUG:colcon.colcon_core.event_handler.log_command:Invoked command in '/home/v120506/rmitbot_v3/lesson6_ws/build/rmitbot_description' returned '0': CMAKE_PREFIX_PATH=${CMAKE_PREFIX_PATH}:/opt/ros/jazzy DEBUGINFOD_URLS=https://debuginfod.ubuntu.com /usr/bin/cmake --install /home/v120506/rmitbot_v3/lesson6_ws/build/rmitbot_description
[1.676s] Level 1:colcon.colcon_core.shell:create_environment_hook('rmitbot_description', 'cmake_prefix_path')
[1.676s] INFO:colcon.colcon_core.shell:Creating environment hook '/home/v120506/rmitbot_v3/lesson6_ws/install/rmitbot_description/share/rmitbot_description/hook/cmake_prefix_path.ps1'
[1.676s] INFO:colcon.colcon_core.shell:Creating environment descriptor '/home/v120506/rmitbot_v3/lesson6_ws/install/rmitbot_description/share/rmitbot_description/hook/cmake_prefix_path.dsv'
[1.677s] INFO:colcon.colcon_core.shell:Creating environment hook '/home/v120506/rmitbot_v3/lesson6_ws/install/rmitbot_description/share/rmitbot_description/hook/cmake_prefix_path.sh'
[1.677s] Level 1:colcon.colcon_core.environment:checking '/home/v120506/rmitbot_v3/lesson6_ws/install/rmitbot_description/bin'
[1.677s] Level 1:colcon.colcon_core.environment:checking '/home/v120506/rmitbot_v3/lesson6_ws/install/rmitbot_description/lib/pkgconfig/rmitbot_description.pc'
[1.677s] Level 1:colcon.colcon_core.environment:checking '/home/v120506/rmitbot_v3/lesson6_ws/install/rmitbot_description/lib/python3.12/site-packages'
[1.677s] Level 1:colcon.colcon_core.environment:checking '/home/v120506/rmitbot_v3/lesson6_ws/install/rmitbot_description/bin'
[1.677s] INFO:colcon.colcon_core.shell:Creating package script '/home/v120506/rmitbot_v3/lesson6_ws/install/rmitbot_description/share/rmitbot_description/package.ps1'
[1.678s] INFO:colcon.colcon_core.shell:Creating package descriptor '/home/v120506/rmitbot_v3/lesson6_ws/install/rmitbot_description/share/rmitbot_description/package.dsv'
[1.678s] INFO:colcon.colcon_core.shell:Creating package script '/home/v120506/rmitbot_v3/lesson6_ws/install/rmitbot_description/share/rmitbot_description/package.sh'
[1.678s] INFO:colcon.colcon_core.shell:Creating package script '/home/v120506/rmitbot_v3/lesson6_ws/install/rmitbot_description/share/rmitbot_description/package.bash'
[1.678s] INFO:colcon.colcon_core.shell:Creating package script '/home/v120506/rmitbot_v3/lesson6_ws/install/rmitbot_description/share/rmitbot_description/package.zsh'
[1.679s] Level 1:colcon.colcon_core.environment:create_file_with_runtime_dependencies(/home/v120506/rmitbot_v3/lesson6_ws/install/rmitbot_description/share/colcon-core/packages/rmitbot_description)
[1.679s] Level 1:colcon.colcon_core.environment:create_environment_scripts_only(rmitbot_description)
[1.679s] Level 1:colcon.colcon_core.environment:checking '/home/v120506/rmitbot_v3/lesson6_ws/install/rmitbot_description' for CMake module files
[1.679s] Level 1:colcon.colcon_core.environment:checking '/home/v120506/rmitbot_v3/lesson6_ws/install/rmitbot_description' for CMake config files
[1.680s] Level 1:colcon.colcon_core.shell:create_environment_hook('rmitbot_description', 'cmake_prefix_path')
[1.680s] INFO:colcon.colcon_core.shell:Creating environment hook '/home/v120506/rmitbot_v3/lesson6_ws/install/rmitbot_description/share/rmitbot_description/hook/cmake_prefix_path.ps1'
[1.680s] INFO:colcon.colcon_core.shell:Creating environment descriptor '/home/v120506/rmitbot_v3/lesson6_ws/install/rmitbot_description/share/rmitbot_description/hook/cmake_prefix_path.dsv'
[1.681s] INFO:colcon.colcon_core.shell:Creating environment hook '/home/v120506/rmitbot_v3/lesson6_ws/install/rmitbot_description/share/rmitbot_description/hook/cmake_prefix_path.sh'
[1.681s] Level 1:colcon.colcon_core.environment:checking '/home/v120506/rmitbot_v3/lesson6_ws/install/rmitbot_description/bin'
[1.681s] Level 1:colcon.colcon_core.environment:checking '/home/v120506/rmitbot_v3/lesson6_ws/install/rmitbot_description/lib/pkgconfig/rmitbot_description.pc'
[1.682s] Level 1:colcon.colcon_core.environment:checking '/home/v120506/rmitbot_v3/lesson6_ws/install/rmitbot_description/lib/python3.12/site-packages'
[1.682s] Level 1:colcon.colcon_core.environment:checking '/home/v120506/rmitbot_v3/lesson6_ws/install/rmitbot_description/bin'
[1.682s] INFO:colcon.colcon_core.shell:Creating package script '/home/v120506/rmitbot_v3/lesson6_ws/install/rmitbot_description/share/rmitbot_description/package.ps1'
[1.683s] INFO:colcon.colcon_core.shell:Creating package descriptor '/home/v120506/rmitbot_v3/lesson6_ws/install/rmitbot_description/share/rmitbot_description/package.dsv'
[1.683s] INFO:colcon.colcon_core.shell:Creating package script '/home/v120506/rmitbot_v3/lesson6_ws/install/rmitbot_description/share/rmitbot_description/package.sh'
[1.684s] INFO:colcon.colcon_core.shell:Creating package script '/home/v120506/rmitbot_v3/lesson6_ws/install/rmitbot_description/share/rmitbot_description/package.bash'
[1.684s] INFO:colcon.colcon_core.shell:Creating package script '/home/v120506/rmitbot_v3/lesson6_ws/install/rmitbot_description/share/rmitbot_description/package.zsh'
[1.684s] Level 1:colcon.colcon_core.environment:create_file_with_runtime_dependencies(/home/v120506/rmitbot_v3/lesson6_ws/install/rmitbot_description/share/colcon-core/packages/rmitbot_description)
[1.685s] DEBUG:colcon.colcon_core.event_handler.log_command:Invoked command in '/home/v120506/rmitbot_v3/lesson6_ws/build/rmitbot_vision' returned '0': CMAKE_PREFIX_PATH=${CMAKE_PREFIX_PATH}:/opt/ros/jazzy DEBUGINFOD_URLS=https://debuginfod.ubuntu.com /usr/bin/cmake --build /home/v120506/rmitbot_v3/lesson6_ws/build/rmitbot_vision -- -j8 -l8
[1.686s] DEBUG:colcon.colcon_core.event_handler.log_command:Invoking command in '/home/v120506/rmitbot_v3/lesson6_ws/build/rmitbot_vision': CMAKE_PREFIX_PATH=${CMAKE_PREFIX_PATH}:/opt/ros/jazzy DEBUGINFOD_URLS=https://debuginfod.ubuntu.com /usr/bin/cmake --install /home/v120506/rmitbot_v3/lesson6_ws/build/rmitbot_vision
[1.696s] Level 1:colcon.colcon_core.environment:create_environment_scripts_only(rmitbot_vision)
[1.696s] Level 1:colcon.colcon_core.environment:checking '/home/v120506/rmitbot_v3/lesson6_ws/install/rmitbot_vision' for CMake module files
[1.696s] DEBUG:colcon.colcon_core.event_handler.log_command:Invoked command in '/home/v120506/rmitbot_v3/lesson6_ws/build/rmitbot_vision' returned '0': CMAKE_PREFIX_PATH=${CMAKE_PREFIX_PATH}:/opt/ros/jazzy DEBUGINFOD_URLS=https://debuginfod.ubuntu.com /usr/bin/cmake --install /home/v120506/rmitbot_v3/lesson6_ws/build/rmitbot_vision
[1.697s] Level 1:colcon.colcon_core.environment:checking '/home/v120506/rmitbot_v3/lesson6_ws/install/rmitbot_vision' for CMake config files
[1.697s] Level 1:colcon.colcon_core.shell:create_environment_hook('rmitbot_vision', 'cmake_prefix_path')
[1.697s] INFO:colcon.colcon_core.shell:Creating environment hook '/home/v120506/rmitbot_v3/lesson6_ws/install/rmitbot_vision/share/rmitbot_vision/hook/cmake_prefix_path.ps1'
[1.697s] INFO:colcon.colcon_core.shell:Creating environment descriptor '/home/v120506/rmitbot_v3/lesson6_ws/install/rmitbot_vision/share/rmitbot_vision/hook/cmake_prefix_path.dsv'
[1.697s] INFO:colcon.colcon_core.shell:Creating environment hook '/home/v120506/rmitbot_v3/lesson6_ws/install/rmitbot_vision/share/rmitbot_vision/hook/cmake_prefix_path.sh'
[1.698s] Level 1:colcon.colcon_core.environment:checking '/home/v120506/rmitbot_v3/lesson6_ws/install/rmitbot_vision/bin'
[1.698s] Level 1:colcon.colcon_core.environment:checking '/home/v120506/rmitbot_v3/lesson6_ws/install/rmitbot_vision/lib/pkgconfig/rmitbot_vision.pc'
[1.698s] Level 1:colcon.colcon_core.environment:checking '/home/v120506/rmitbot_v3/lesson6_ws/install/rmitbot_vision/lib/python3.12/site-packages'
[1.698s] Level 1:colcon.colcon_core.environment:checking '/home/v120506/rmitbot_v3/lesson6_ws/install/rmitbot_vision/bin'
[1.698s] INFO:colcon.colcon_core.shell:Creating package script '/home/v120506/rmitbot_v3/lesson6_ws/install/rmitbot_vision/share/rmitbot_vision/package.ps1'
[1.699s] INFO:colcon.colcon_core.shell:Creating package descriptor '/home/v120506/rmitbot_v3/lesson6_ws/install/rmitbot_vision/share/rmitbot_vision/package.dsv'
[1.699s] INFO:colcon.colcon_core.shell:Creating package script '/home/v120506/rmitbot_v3/lesson6_ws/install/rmitbot_vision/share/rmitbot_vision/package.sh'
[1.699s] INFO:colcon.colcon_core.shell:Creating package script '/home/v120506/rmitbot_v3/lesson6_ws/install/rmitbot_vision/share/rmitbot_vision/package.bash'
[1.699s] INFO:colcon.colcon_core.shell:Creating package script '/home/v120506/rmitbot_v3/lesson6_ws/install/rmitbot_vision/share/rmitbot_vision/package.zsh'
[1.700s] Level 1:colcon.colcon_core.environment:create_file_with_runtime_dependencies(/home/v120506/rmitbot_v3/lesson6_ws/install/rmitbot_vision/share/colcon-core/packages/rmitbot_vision)
[1.700s] Level 1:colcon.colcon_core.environment:create_environment_scripts_only(rmitbot_vision)
[1.700s] Level 1:colcon.colcon_core.environment:checking '/home/v120506/rmitbot_v3/lesson6_ws/install/rmitbot_vision' for CMake module files
[1.700s] Level 1:colcon.colcon_core.environment:checking '/home/v120506/rmitbot_v3/lesson6_ws/install/rmitbot_vision' for CMake config files
[1.701s] Level 1:colcon.colcon_core.shell:create_environment_hook('rmitbot_vision', 'cmake_prefix_path')
[1.701s] INFO:colcon.colcon_core.shell:Creating environment hook '/home/v120506/rmitbot_v3/lesson6_ws/install/rmitbot_vision/share/rmitbot_vision/hook/cmake_prefix_path.ps1'
[1.701s] INFO:colcon.colcon_core.shell:Creating environment descriptor '/home/v120506/rmitbot_v3/lesson6_ws/install/rmitbot_vision/share/rmitbot_vision/hook/cmake_prefix_path.dsv'
[1.702s] INFO:colcon.colcon_core.shell:Creating environment hook '/home/v120506/rmitbot_v3/lesson6_ws/install/rmitbot_vision/share/rmitbot_vision/hook/cmake_prefix_path.sh'
[1.702s] Level 1:colcon.colcon_core.environment:checking '/home/v120506/rmitbot_v3/lesson6_ws/install/rmitbot_vision/bin'
[1.702s] Level 1:colcon.colcon_core.environment:checking '/home/v120506/rmitbot_v3/lesson6_ws/install/rmitbot_vision/lib/pkgconfig/rmitbot_vision.pc'
[1.702s] Level 1:colcon.colcon_core.environment:checking '/home/v120506/rmitbot_v3/lesson6_ws/install/rmitbot_vision/lib/python3.12/site-packages'
[1.703s] Level 1:colcon.colcon_core.environment:checking '/home/v120506/rmitbot_v3/lesson6_ws/install/rmitbot_vision/bin'
[1.703s] INFO:colcon.colcon_core.shell:Creating package script '/home/v120506/rmitbot_v3/lesson6_ws/install/rmitbot_vision/share/rmitbot_vision/package.ps1'
[1.703s] INFO:colcon.colcon_core.shell:Creating package descriptor '/home/v120506/rmitbot_v3/lesson6_ws/install/rmitbot_vision/share/rmitbot_vision/package.dsv'
[1.704s] INFO:colcon.colcon_core.shell:Creating package script '/home/v120506/rmitbot_v3/lesson6_ws/install/rmitbot_vision/share/rmitbot_vision/package.sh'
[1.704s] INFO:colcon.colcon_core.shell:Creating package script '/home/v120506/rmitbot_v3/lesson6_ws/install/rmitbot_vision/share/rmitbot_vision/package.bash'
[1.704s] INFO:colcon.colcon_core.shell:Creating package script '/home/v120506/rmitbot_v3/lesson6_ws/install/rmitbot_vision/share/rmitbot_vision/package.zsh'
[1.705s] Level 1:colcon.colcon_core.environment:create_file_with_runtime_dependencies(/home/v120506/rmitbot_v3/lesson6_ws/install/rmitbot_vision/share/colcon-core/packages/rmitbot_vision)
[1.922s] DEBUG:colcon.colcon_core.event_handler.log_command:Invoked command in '/home/v120506/rmitbot_v3/lesson6_ws/build/rmitbot_localization' returned '0': CMAKE_PREFIX_PATH=${CMAKE_PREFIX_PATH}:/opt/ros/jazzy DEBUGINFOD_URLS=https://debuginfod.ubuntu.com /usr/bin/cmake /home/v120506/rmitbot_v3/lesson6_ws/src/rmitbot_localization -DCMAKE_INSTALL_PREFIX=/home/v120506/rmitbot_v3/lesson6_ws/install/rmitbot_localization
[1.923s] DEBUG:colcon.colcon_core.event_handler.log_command:Invoking command in '/home/v120506/rmitbot_v3/lesson6_ws/build/rmitbot_localization': CMAKE_PREFIX_PATH=${CMAKE_PREFIX_PATH}:/opt/ros/jazzy DEBUGINFOD_URLS=https://debuginfod.ubuntu.com /usr/bin/cmake --build /home/v120506/rmitbot_v3/lesson6_ws/build/rmitbot_localization -- -j8 -l8
[1.961s] DEBUG:colcon.colcon_core.event_handler.log_command:Invoked command in '/home/v120506/rmitbot_v3/lesson6_ws/build/rmitbot_localization' returned '0': CMAKE_PREFIX_PATH=${CMAKE_PREFIX_PATH}:/opt/ros/jazzy DEBUGINFOD_URLS=https://debuginfod.ubuntu.com /usr/bin/cmake --build /home/v120506/rmitbot_v3/lesson6_ws/build/rmitbot_localization -- -j8 -l8
[1.962s] DEBUG:colcon.colcon_core.event_handler.log_command:Invoking command in '/home/v120506/rmitbot_v3/lesson6_ws/build/rmitbot_localization': CMAKE_PREFIX_PATH=${CMAKE_PREFIX_PATH}:/opt/ros/jazzy DEBUGINFOD_URLS=https://debuginfod.ubuntu.com /usr/bin/cmake --install /home/v120506/rmitbot_v3/lesson6_ws/build/rmitbot_localization
[1.974s] Level 1:colcon.colcon_core.environment:create_environment_scripts_only(rmitbot_localization)
[1.975s] DEBUG:colcon.colcon_core.event_handler.log_command:Invoked command in '/home/v120506/rmitbot_v3/lesson6_ws/build/rmitbot_localization' returned '0': CMAKE_PREFIX_PATH=${CMAKE_PREFIX_PATH}:/opt/ros/jazzy DEBUGINFOD_URLS=https://debuginfod.ubuntu.com /usr/bin/cmake --install /home/v120506/rmitbot_v3/lesson6_ws/build/rmitbot_localization
[1.975s] Level 1:colcon.colcon_core.environment:checking '/home/v120506/rmitbot_v3/lesson6_ws/install/rmitbot_localization' for CMake module files
[1.975s] Level 1:colcon.colcon_core.environment:checking '/home/v120506/rmitbot_v3/lesson6_ws/install/rmitbot_localization' for CMake config files
[1.975s] Level 1:colcon.colcon_core.shell:create_environment_hook('rmitbot_localization', 'cmake_prefix_path')
[1.975s] INFO:colcon.colcon_core.shell:Creating environment hook '/home/v120506/rmitbot_v3/lesson6_ws/install/rmitbot_localization/share/rmitbot_localization/hook/cmake_prefix_path.ps1'
[1.976s] INFO:colcon.colcon_core.shell:Creating environment descriptor '/home/v120506/rmitbot_v3/lesson6_ws/install/rmitbot_localization/share/rmitbot_localization/hook/cmake_prefix_path.dsv'
[1.976s] INFO:colcon.colcon_core.shell:Creating environment hook '/home/v120506/rmitbot_v3/lesson6_ws/install/rmitbot_localization/share/rmitbot_localization/hook/cmake_prefix_path.sh'
[1.976s] Level 1:colcon.colcon_core.environment:checking '/home/v120506/rmitbot_v3/lesson6_ws/install/rmitbot_localization/bin'
[1.976s] Level 1:colcon.colcon_core.environment:checking '/home/v120506/rmitbot_v3/lesson6_ws/install/rmitbot_localization/lib/pkgconfig/rmitbot_localization.pc'
[1.977s] Level 1:colcon.colcon_core.environment:checking '/home/v120506/rmitbot_v3/lesson6_ws/install/rmitbot_localization/lib/python3.12/site-packages'
[1.977s] Level 1:colcon.colcon_core.environment:checking '/home/v120506/rmitbot_v3/lesson6_ws/install/rmitbot_localization/bin'
[1.977s] INFO:colcon.colcon_core.shell:Creating package script '/home/v120506/rmitbot_v3/lesson6_ws/install/rmitbot_localization/share/rmitbot_localization/package.ps1'
[1.977s] INFO:colcon.colcon_core.shell:Creating package descriptor '/home/v120506/rmitbot_v3/lesson6_ws/install/rmitbot_localization/share/rmitbot_localization/package.dsv'
[1.977s] INFO:colcon.colcon_core.shell:Creating package script '/home/v120506/rmitbot_v3/lesson6_ws/install/rmitbot_localization/share/rmitbot_localization/package.sh'
[1.978s] INFO:colcon.colcon_core.shell:Creating package script '/home/v120506/rmitbot_v3/lesson6_ws/install/rmitbot_localization/share/rmitbot_localization/package.bash'
[1.978s] INFO:colcon.colcon_core.shell:Creating package script '/home/v120506/rmitbot_v3/lesson6_ws/install/rmitbot_localization/share/rmitbot_localization/package.zsh'
[1.978s] Level 1:colcon.colcon_core.environment:create_file_with_runtime_dependencies(/home/v120506/rmitbot_v3/lesson6_ws/install/rmitbot_localization/share/colcon-core/packages/rmitbot_localization)
[1.978s] Level 1:colcon.colcon_core.environment:create_environment_scripts_only(rmitbot_localization)
[1.978s] Level 1:colcon.colcon_core.environment:checking '/home/v120506/rmitbot_v3/lesson6_ws/install/rmitbot_localization' for CMake module files
[1.979s] Level 1:colcon.colcon_core.environment:checking '/home/v120506/rmitbot_v3/lesson6_ws/install/rmitbot_localization' for CMake config files
[1.979s] Level 1:colcon.colcon_core.shell:create_environment_hook('rmitbot_localization', 'cmake_prefix_path')
[1.979s] INFO:colcon.colcon_core.shell:Creating environment hook '/home/v120506/rmitbot_v3/lesson6_ws/install/rmitbot_localization/share/rmitbot_localization/hook/cmake_prefix_path.ps1'
[1.979s] INFO:colcon.colcon_core.shell:Creating environment descriptor '/home/v120506/rmitbot_v3/lesson6_ws/install/rmitbot_localization/share/rmitbot_localization/hook/cmake_prefix_path.dsv'
[1.979s] INFO:colcon.colcon_core.shell:Creating environment hook '/home/v120506/rmitbot_v3/lesson6_ws/install/rmitbot_localization/share/rmitbot_localization/hook/cmake_prefix_path.sh'
[1.980s] Level 1:colcon.colcon_core.environment:checking '/home/v120506/rmitbot_v3/lesson6_ws/install/rmitbot_localization/bin'
[1.980s] Level 1:colcon.colcon_core.environment:checking '/home/v120506/rmitbot_v3/lesson6_ws/install/rmitbot_localization/lib/pkgconfig/rmitbot_localization.pc'
[1.980s] Level 1:colcon.colcon_core.environment:checking '/home/v120506/rmitbot_v3/lesson6_ws/install/rmitbot_localization/lib/python3.12/site-packages'
[1.980s] Level 1:colcon.colcon_core.environment:checking '/home/v120506/rmitbot_v3/lesson6_ws/install/rmitbot_localization/bin'
[1.980s] INFO:colcon.colcon_core.shell:Creating package script '/home/v120506/rmitbot_v3/lesson6_ws/install/rmitbot_localization/share/rmitbot_localization/package.ps1'
[1.981s] INFO:colcon.colcon_core.shell:Creating package descriptor '/home/v120506/rmitbot_v3/lesson6_ws/install/rmitbot_localization/share/rmitbot_localization/package.dsv'
[1.981s] INFO:colcon.colcon_core.shell:Creating package script '/home/v120506/rmitbot_v3/lesson6_ws/install/rmitbot_localization/share/rmitbot_localization/package.sh'
[1.981s] INFO:colcon.colcon_core.shell:Creating package script '/home/v120506/rmitbot_v3/lesson6_ws/install/rmitbot_localization/share/rmitbot_localization/package.bash'
[1.981s] INFO:colcon.colcon_core.shell:Creating package script '/home/v120506/rmitbot_v3/lesson6_ws/install/rmitbot_localization/share/rmitbot_localization/package.zsh'
[1.982s] Level 1:colcon.colcon_core.environment:create_file_with_runtime_dependencies(/home/v120506/rmitbot_v3/lesson6_ws/install/rmitbot_localization/share/colcon-core/packages/rmitbot_localization)
[1.982s] DEBUG:colcon.colcon_parallel_executor.executor.parallel:closing loop
[1.982s] DEBUG:colcon.colcon_parallel_executor.executor.parallel:loop closed
[1.982s] DEBUG:colcon.colcon_parallel_executor.executor.parallel:run_until_complete finished with '0'
[1.982s] DEBUG:colcon.colcon_core.event_reactor:joining thread
[1.987s] INFO:colcon.colcon_core.plugin_system:Skipping extension 'colcon_notification.desktop_notification.terminal_notifier': Not used on non-Darwin systems
[1.987s] INFO:colcon.colcon_core.plugin_system:Skipping extension 'colcon_notification.desktop_notification.win32': Not used on non-Windows systems
[1.987s] INFO:colcon.colcon_notification.desktop_notification:Sending desktop notification using 'notify2'
[1.998s] DEBUG:colcon.colcon_core.event_reactor:joined thread
[1.998s] INFO:colcon.colcon_core.shell:Creating prefix script '/home/v120506/rmitbot_v3/lesson6_ws/install/local_setup.ps1'
[1.999s] INFO:colcon.colcon_core.shell:Creating prefix util module '/home/v120506/rmitbot_v3/lesson6_ws/install/_local_setup_util_ps1.py'
[1.999s] INFO:colcon.colcon_core.shell:Creating prefix chain script '/home/v120506/rmitbot_v3/lesson6_ws/install/setup.ps1'
[2.002s] INFO:colcon.colcon_core.shell:Creating prefix script '/home/v120506/rmitbot_v3/lesson6_ws/install/local_setup.sh'
[2.002s] INFO:colcon.colcon_core.shell:Creating prefix util module '/home/v120506/rmitbot_v3/lesson6_ws/install/_local_setup_util_sh.py'
[2.002s] INFO:colcon.colcon_core.shell:Creating prefix chain script '/home/v120506/rmitbot_v3/lesson6_ws/install/setup.sh'
[2.004s] INFO:colcon.colcon_core.shell:Creating prefix script '/home/v120506/rmitbot_v3/lesson6_ws/install/local_setup.bash'
[2.005s] INFO:colcon.colcon_core.shell:Creating prefix chain script '/home/v120506/rmitbot_v3/lesson6_ws/install/setup.bash'
[2.006s] INFO:colcon.colcon_core.shell:Creating prefix script '/home/v120506/rmitbot_v3/lesson6_ws/install/local_setup.zsh'
[2.007s] INFO:colcon.colcon_core.shell:Creating prefix chain script '/home/v120506/rmitbot_v3/lesson6_ws/install/setup.zsh'
