-- Found ament_cmake: 2.5.4 (/opt/ros/jazzy/share/ament_cmake/cmake)
-- Override CMake install command with custom implementation using symlinks instead of copying resources
-- Configuring done (1.5s)
-- Generating done (0.0s)
-- Build files have been written to: /home/v120506/rmitbot_v3/lesson6_ws/build/rmitbot_description
-- Install configuration: ""
-- Execute custom install script
-- Symlinking: /home/v120506/rmitbot_v3/lesson6_ws/install/rmitbot_description/share/rmitbot_description/meshes/base_link.STL
-- Symlinking: /home/v120506/rmitbot_v3/lesson6_ws/install/rmitbot_description/share/rmitbot_description/meshes/caster_front_link.STL
-- Symlinking: /home/v120506/rmitbot_v3/lesson6_ws/install/rmitbot_description/share/rmitbot_description/meshes/caster_rear_link.STL
-- Symlinking: /home/v120506/rmitbot_v3/lesson6_ws/install/rmitbot_description/share/rmitbot_description/meshes/imu_link.STL
-- Symlinking: /home/v120506/rmitbot_v3/lesson6_ws/install/rmitbot_description/share/rmitbot_description/meshes/laser_link.STL
-- Symlinking: /home/v120506/rmitbot_v3/lesson6_ws/install/rmitbot_description/share/rmitbot_description/meshes/wheel_left_link.STL
-- Symlinking: /home/v120506/rmitbot_v3/lesson6_ws/install/rmitbot_description/share/rmitbot_description/meshes/wheel_right_link.STL
-- Symlinking: /home/v120506/rmitbot_v3/lesson6_ws/install/rmitbot_description/share/rmitbot_description/urdf/rmitbot.urdf.xacro
-- Symlinking: /home/v120506/rmitbot_v3/lesson6_ws/install/rmitbot_description/share/rmitbot_description/urdf/rmitbot_camera.xacro
-- Symlinking: /home/v120506/rmitbot_v3/lesson6_ws/install/rmitbot_description/share/rmitbot_description/urdf/rmitbot_gazebo.xacro
-- Symlinking: /home/v120506/rmitbot_v3/lesson6_ws/install/rmitbot_description/share/rmitbot_description/urdf/rmitbot_imu.xacro
-- Symlinking: /home/v120506/rmitbot_v3/lesson6_ws/install/rmitbot_description/share/rmitbot_description/urdf/rmitbot_laser.xacro
-- Symlinking: /home/v120506/rmitbot_v3/lesson6_ws/install/rmitbot_description/share/rmitbot_description/urdf/rmitbot_platform.xacro
-- Symlinking: /home/v120506/rmitbot_v3/lesson6_ws/install/rmitbot_description/share/rmitbot_description/urdf/rmitbot_ros2_control.xacro
-- Symlinking: /home/v120506/rmitbot_v3/lesson6_ws/install/rmitbot_description/share/rmitbot_description/launch/display.launch.py
-- Symlinking: /home/v120506/rmitbot_v3/lesson6_ws/install/rmitbot_description/share/rmitbot_description/launch/gazebo.launch.py
-- Symlinking: /home/v120506/rmitbot_v3/lesson6_ws/install/rmitbot_description/share/rmitbot_description/rviz/display.rviz
-- Symlinking: /home/v120506/rmitbot_v3/lesson6_ws/install/rmitbot_description/share/rmitbot_description/world/room_8x8.world
-- Symlinking: /home/v120506/rmitbot_v3/lesson6_ws/install/rmitbot_description/share/rmitbot_description/models/apriltag_36h11_0/materials/textures/tag36h11_0.png
-- Symlinking: /home/v120506/rmitbot_v3/lesson6_ws/install/rmitbot_description/share/rmitbot_description/models/apriltag_36h11_0/model.config
-- Symlinking: /home/v120506/rmitbot_v3/lesson6_ws/install/rmitbot_description/share/rmitbot_description/models/apriltag_36h11_0/model.sdf
-- Symlinking: /home/v120506/rmitbot_v3/lesson6_ws/install/rmitbot_description/share/ament_index/resource_index/package_run_dependencies/rmitbot_description
-- Symlinking: /home/v120506/rmitbot_v3/lesson6_ws/install/rmitbot_description/share/ament_index/resource_index/parent_prefix_path/rmitbot_description
-- Symlinking: /home/v120506/rmitbot_v3/lesson6_ws/install/rmitbot_description/share/rmitbot_description/environment/ament_prefix_path.sh
-- Symlinking: /home/v120506/rmitbot_v3/lesson6_ws/install/rmitbot_description/share/rmitbot_description/environment/ament_prefix_path.dsv
-- Symlinking: /home/v120506/rmitbot_v3/lesson6_ws/install/rmitbot_description/share/rmitbot_description/environment/path.sh
-- Symlinking: /home/v120506/rmitbot_v3/lesson6_ws/install/rmitbot_description/share/rmitbot_description/environment/path.dsv
-- Symlinking: /home/v120506/rmitbot_v3/lesson6_ws/install/rmitbot_description/share/rmitbot_description/local_setup.bash
-- Symlinking: /home/v120506/rmitbot_v3/lesson6_ws/install/rmitbot_description/share/rmitbot_description/local_setup.sh
-- Symlinking: /home/v120506/rmitbot_v3/lesson6_ws/install/rmitbot_description/share/rmitbot_description/local_setup.zsh
-- Symlinking: /home/v120506/rmitbot_v3/lesson6_ws/install/rmitbot_description/share/rmitbot_description/local_setup.dsv
-- Symlinking: /home/v120506/rmitbot_v3/lesson6_ws/install/rmitbot_description/share/rmitbot_description/package.dsv
-- Symlinking: /home/v120506/rmitbot_v3/lesson6_ws/install/rmitbot_description/share/ament_index/resource_index/packages/rmitbot_description
-- Symlinking: /home/v120506/rmitbot_v3/lesson6_ws/install/rmitbot_description/share/rmitbot_description/cmake/rmitbot_descriptionConfig.cmake
-- Symlinking: /home/v120506/rmitbot_v3/lesson6_ws/install/rmitbot_description/share/rmitbot_description/cmake/rmitbot_descriptionConfig-version.cmake
-- Symlinking: /home/v120506/rmitbot_v3/lesson6_ws/install/rmitbot_description/share/rmitbot_description/package.xml
