-- Found ament_cmake: 2.5.4 (/opt/ros/jazzy/share/ament_cmake/cmake)
-- Override CMake install command with custom implementation using symlinks instead of copying resources
-- Configuring done (1.4s)
-- Generating done (0.0s)
-- Build files have been written to: /home/v120506/rmitbot_v3/lesson6_ws/build/rmitbot_vision
-- Install configuration: ""
-- Execute custom install script
-- Symlinking: /home/v120506/rmitbot_v3/lesson6_ws/install/rmitbot_vision/share/rmitbot_vision/launch/apriltag.launch.py
-- Symlinking: /home/v120506/rmitbot_v3/lesson6_ws/install/rmitbot_vision/share/rmitbot_vision/config/apriltag_params.yaml
-- Symlinking: /home/v120506/rmitbot_v3/lesson6_ws/install/rmitbot_vision/share/ament_index/resource_index/package_run_dependencies/rmitbot_vision
-- Symlinking: /home/v120506/rmitbot_v3/lesson6_ws/install/rmitbot_vision/share/ament_index/resource_index/parent_prefix_path/rmitbot_vision
-- Symlinking: /home/v120506/rmitbot_v3/lesson6_ws/install/rmitbot_vision/share/rmitbot_vision/environment/ament_prefix_path.sh
-- Symlinking: /home/v120506/rmitbot_v3/lesson6_ws/install/rmitbot_vision/share/rmitbot_vision/environment/ament_prefix_path.dsv
-- Symlinking: /home/v120506/rmitbot_v3/lesson6_ws/install/rmitbot_vision/share/rmitbot_vision/environment/path.sh
-- Symlinking: /home/v120506/rmitbot_v3/lesson6_ws/install/rmitbot_vision/share/rmitbot_vision/environment/path.dsv
-- Symlinking: /home/v120506/rmitbot_v3/lesson6_ws/install/rmitbot_vision/share/rmitbot_vision/local_setup.bash
-- Symlinking: /home/v120506/rmitbot_v3/lesson6_ws/install/rmitbot_vision/share/rmitbot_vision/local_setup.sh
-- Symlinking: /home/v120506/rmitbot_v3/lesson6_ws/install/rmitbot_vision/share/rmitbot_vision/local_setup.zsh
-- Symlinking: /home/v120506/rmitbot_v3/lesson6_ws/install/rmitbot_vision/share/rmitbot_vision/local_setup.dsv
-- Symlinking: /home/v120506/rmitbot_v3/lesson6_ws/install/rmitbot_vision/share/rmitbot_vision/package.dsv
-- Symlinking: /home/v120506/rmitbot_v3/lesson6_ws/install/rmitbot_vision/share/ament_index/resource_index/packages/rmitbot_vision
-- Symlinking: /home/v120506/rmitbot_v3/lesson6_ws/install/rmitbot_vision/share/rmitbot_vision/cmake/rmitbot_visionConfig.cmake
-- Symlinking: /home/v120506/rmitbot_v3/lesson6_ws/install/rmitbot_vision/share/rmitbot_vision/cmake/rmitbot_visionConfig-version.cmake
-- Symlinking: /home/v120506/rmitbot_v3/lesson6_ws/install/rmitbot_vision/share/rmitbot_vision/package.xml
