[0.015s] Invoking command in '/home/v120506/rmitbot_v3/lesson5_ws/build/rmitbot_mapping': CMAKE_PREFIX_PATH=${CMAKE_PREFIX_PATH}:/opt/ros/jazzy DEBUGINFOD_URLS=https://debuginfod.ubuntu.com /usr/bin/cmake /home/v120506/rmitbot_v3/lesson5_ws/src/rmitbot_mapping -DCMAKE_INSTALL_PREFIX=/home/v120506/rmitbot_v3/lesson5_ws/install/rmitbot_mapping
[0.185s] -- The C compiler identification is GNU 13.3.0
[0.321s] -- The CXX compiler identification is GNU 13.3.0
[0.353s] -- Detecting C compiler ABI info
[0.483s] -- Detecting C compiler ABI info - done
[0.499s] -- Check for working C compiler: /usr/bin/cc - skipped
[0.501s] -- Detecting C compile features
[0.501s] -- Detecting C compile features - done
[0.518s] -- Detecting CXX compiler ABI info
[0.662s] -- Detecting CXX compiler ABI info - done
[0.681s] -- Check for working CXX compiler: /usr/bin/c++ - skipped
[0.682s] -- Detecting CXX compile features
[0.683s] -- Detecting CXX compile features - done
[0.690s] -- Found ament_cmake: 2.5.4 (/opt/ros/jazzy/share/ament_cmake/cmake)
[0.919s] -- Found Python3: /usr/bin/python3 (found version "3.12.3") found components: Interpreter 
[1.236s] -- Configuring done (1.2s)
[1.239s] -- Generating done (0.0s)
[1.242s] -- Build files have been written to: /home/v120506/rmitbot_v3/lesson5_ws/build/rmitbot_mapping
[1.248s] Invoked command in '/home/v120506/rmitbot_v3/lesson5_ws/build/rmitbot_mapping' returned '0': CMAKE_PREFIX_PATH=${CMAKE_PREFIX_PATH}:/opt/ros/jazzy DEBUGINFOD_URLS=https://debuginfod.ubuntu.com /usr/bin/cmake /home/v120506/rmitbot_v3/lesson5_ws/src/rmitbot_mapping -DCMAKE_INSTALL_PREFIX=/home/v120506/rmitbot_v3/lesson5_ws/install/rmitbot_mapping
[1.250s] Invoking command in '/home/v120506/rmitbot_v3/lesson5_ws/build/rmitbot_mapping': CMAKE_PREFIX_PATH=${CMAKE_PREFIX_PATH}:/opt/ros/jazzy DEBUGINFOD_URLS=https://debuginfod.ubuntu.com /usr/bin/cmake --build /home/v120506/rmitbot_v3/lesson5_ws/build/rmitbot_mapping -- -j8 -l8
[1.317s] Invoked command in '/home/v120506/rmitbot_v3/lesson5_ws/build/rmitbot_mapping' returned '0': CMAKE_PREFIX_PATH=${CMAKE_PREFIX_PATH}:/opt/ros/jazzy DEBUGINFOD_URLS=https://debuginfod.ubuntu.com /usr/bin/cmake --build /home/v120506/rmitbot_v3/lesson5_ws/build/rmitbot_mapping -- -j8 -l8
[1.319s] Invoking command in '/home/v120506/rmitbot_v3/lesson5_ws/build/rmitbot_mapping': CMAKE_PREFIX_PATH=${CMAKE_PREFIX_PATH}:/opt/ros/jazzy DEBUGINFOD_URLS=https://debuginfod.ubuntu.com /usr/bin/cmake --install /home/v120506/rmitbot_v3/lesson5_ws/build/rmitbot_mapping
[1.330s] -- Install configuration: ""
[1.330s] -- Installing: /home/v120506/rmitbot_v3/lesson5_ws/install/rmitbot_mapping/share/rmitbot_mapping/launch
[1.330s] -- Installing: /home/v120506/rmitbot_v3/lesson5_ws/install/rmitbot_mapping/share/rmitbot_mapping/launch/slam.launch.py
[1.330s] -- Installing: /home/v120506/rmitbot_v3/lesson5_ws/install/rmitbot_mapping/share/rmitbot_mapping/config
[1.331s] -- Installing: /home/v120506/rmitbot_v3/lesson5_ws/install/rmitbot_mapping/share/rmitbot_mapping/config/slam.yaml
[1.331s] -- Installing: /home/v120506/rmitbot_v3/lesson5_ws/install/rmitbot_mapping/share/ament_index/resource_index/package_run_dependencies/rmitbot_mapping
[1.331s] -- Installing: /home/v120506/rmitbot_v3/lesson5_ws/install/rmitbot_mapping/share/ament_index/resource_index/parent_prefix_path/rmitbot_mapping
[1.331s] -- Installing: /home/v120506/rmitbot_v3/lesson5_ws/install/rmitbot_mapping/share/rmitbot_mapping/environment/ament_prefix_path.sh
[1.331s] -- Installing: /home/v120506/rmitbot_v3/lesson5_ws/install/rmitbot_mapping/share/rmitbot_mapping/environment/ament_prefix_path.dsv
[1.332s] -- Installing: /home/v120506/rmitbot_v3/lesson5_ws/install/rmitbot_mapping/share/rmitbot_mapping/environment/path.sh
[1.332s] -- Installing: /home/v120506/rmitbot_v3/lesson5_ws/install/rmitbot_mapping/share/rmitbot_mapping/environment/path.dsv
[1.332s] -- Installing: /home/v120506/rmitbot_v3/lesson5_ws/install/rmitbot_mapping/share/rmitbot_mapping/local_setup.bash
[1.333s] -- Installing: /home/v120506/rmitbot_v3/lesson5_ws/install/rmitbot_mapping/share/rmitbot_mapping/local_setup.sh
[1.333s] -- Installing: /home/v120506/rmitbot_v3/lesson5_ws/install/rmitbot_mapping/share/rmitbot_mapping/local_setup.zsh
[1.333s] -- Installing: /home/v120506/rmitbot_v3/lesson5_ws/install/rmitbot_mapping/share/rmitbot_mapping/local_setup.dsv
[1.333s] -- Installing: /home/v120506/rmitbot_v3/lesson5_ws/install/rmitbot_mapping/share/rmitbot_mapping/package.dsv
[1.333s] -- Installing: /home/v120506/rmitbot_v3/lesson5_ws/install/rmitbot_mapping/share/ament_index/resource_index/packages/rmitbot_mapping
[1.333s] -- Installing: /home/v120506/rmitbot_v3/lesson5_ws/install/rmitbot_mapping/share/rmitbot_mapping/cmake/rmitbot_mappingConfig.cmake
[1.334s] -- Installing: /home/v120506/rmitbot_v3/lesson5_ws/install/rmitbot_mapping/share/rmitbot_mapping/cmake/rmitbot_mappingConfig-version.cmake
[1.334s] -- Installing: /home/v120506/rmitbot_v3/lesson5_ws/install/rmitbot_mapping/share/rmitbot_mapping/package.xml
[1.359s] Invoked command in '/home/v120506/rmitbot_v3/lesson5_ws/build/rmitbot_mapping' returned '0': CMAKE_PREFIX_PATH=${CMAKE_PREFIX_PATH}:/opt/ros/jazzy DEBUGINFOD_URLS=https://debuginfod.ubuntu.com /usr/bin/cmake --install /home/v120506/rmitbot_v3/lesson5_ws/build/rmitbot_mapping
