[0.032s] Invoking command in '/home/v120506/rmitbot_v3/lesson6_ws/build/rmitbot_mapping': CMAKE_PREFIX_PATH=${CMAKE_PREFIX_PATH}:/opt/ros/jazzy DEBUGINFOD_URLS=https://debuginfod.ubuntu.com /usr/bin/cmake --build /home/v120506/rmitbot_v3/lesson6_ws/build/rmitbot_mapping -- -j8 -l8
[0.090s] Invoked command in '/home/v120506/rmitbot_v3/lesson6_ws/build/rmitbot_mapping' returned '0': CMAKE_PREFIX_PATH=${CMAKE_PREFIX_PATH}:/opt/ros/jazzy DEBUGINFOD_URLS=https://debuginfod.ubuntu.com /usr/bin/cmake --build /home/v120506/rmitbot_v3/lesson6_ws/build/rmitbot_mapping -- -j8 -l8
[0.092s] Invoking command in '/home/v120506/rmitbot_v3/lesson6_ws/build/rmitbot_mapping': CMAKE_PREFIX_PATH=${CMAKE_PREFIX_PATH}:/opt/ros/jazzy DEBUGINFOD_URLS=https://debuginfod.ubuntu.com /usr/bin/cmake --install /home/v120506/rmitbot_v3/lesson6_ws/build/rmitbot_mapping
[0.119s] -- Install configuration: ""
[0.119s] -- Execute custom install script
[0.120s] -- Up-to-date symlink: /home/v120506/rmitbot_v3/lesson6_ws/install/rmitbot_mapping/share/rmitbot_mapping/launch/slam.launch.py
[0.120s] -- Up-to-date symlink: /home/v120506/rmitbot_v3/lesson6_ws/install/rmitbot_mapping/share/rmitbot_mapping/config/slam.yaml
[0.120s] -- Up-to-date symlink: /home/v120506/rmitbot_v3/lesson6_ws/install/rmitbot_mapping/share/ament_index/resource_index/package_run_dependencies/rmitbot_mapping
[0.120s] -- Up-to-date symlink: /home/v120506/rmitbot_v3/lesson6_ws/install/rmitbot_mapping/share/ament_index/resource_index/parent_prefix_path/rmitbot_mapping
[0.122s] -- Up-to-date symlink: /home/v120506/rmitbot_v3/lesson6_ws/install/rmitbot_mapping/share/rmitbot_mapping/environment/ament_prefix_path.sh
[0.122s] -- Up-to-date symlink: /home/v120506/rmitbot_v3/lesson6_ws/install/rmitbot_mapping/share/rmitbot_mapping/environment/ament_prefix_path.dsv
[0.124s] -- Up-to-date symlink: /home/v120506/rmitbot_v3/lesson6_ws/install/rmitbot_mapping/share/rmitbot_mapping/environment/path.sh
[0.125s] -- Up-to-date symlink: /home/v120506/rmitbot_v3/lesson6_ws/install/rmitbot_mapping/share/rmitbot_mapping/environment/path.dsv
[0.127s] -- Up-to-date symlink: /home/v120506/rmitbot_v3/lesson6_ws/install/rmitbot_mapping/share/rmitbot_mapping/local_setup.bash
[0.127s] -- Up-to-date symlink: /home/v120506/rmitbot_v3/lesson6_ws/install/rmitbot_mapping/share/rmitbot_mapping/local_setup.sh
[0.127s] -- Up-to-date symlink: /home/v120506/rmitbot_v3/lesson6_ws/install/rmitbot_mapping/share/rmitbot_mapping/local_setup.zsh
[0.127s] -- Up-to-date symlink: /home/v120506/rmitbot_v3/lesson6_ws/install/rmitbot_mapping/share/rmitbot_mapping/local_setup.dsv
[0.127s] -- Symlinking: /home/v120506/rmitbot_v3/lesson6_ws/install/rmitbot_mapping/share/rmitbot_mapping/package.dsv
[0.132s] -- Up-to-date symlink: /home/v120506/rmitbot_v3/lesson6_ws/install/rmitbot_mapping/share/ament_index/resource_index/packages/rmitbot_mapping
[0.132s] -- Up-to-date symlink: /home/v120506/rmitbot_v3/lesson6_ws/install/rmitbot_mapping/share/rmitbot_mapping/cmake/rmitbot_mappingConfig.cmake
[0.132s] -- Up-to-date symlink: /home/v120506/rmitbot_v3/lesson6_ws/install/rmitbot_mapping/share/rmitbot_mapping/cmake/rmitbot_mappingConfig-version.cmake
[0.132s] -- Up-to-date symlink: /home/v120506/rmitbot_v3/lesson6_ws/install/rmitbot_mapping/share/rmitbot_mapping/package.xml
[0.168s] Invoked command in '/home/v120506/rmitbot_v3/lesson6_ws/build/rmitbot_mapping' returned '0': CMAKE_PREFIX_PATH=${CMAKE_PREFIX_PATH}:/opt/ros/jazzy DEBUGINFOD_URLS=https://debuginfod.ubuntu.com /usr/bin/cmake --install /home/v120506/rmitbot_v3/lesson6_ws/build/rmitbot_mapping
