[0.024s] Invoking command in '/home/v120506/rmitbot_v3/lesson5_ws/build/rmitbot_bringup': CMAKE_PREFIX_PATH=${CMAKE_PREFIX_PATH}:/opt/ros/jazzy DEBUGINFOD_URLS=https://debuginfod.ubuntu.com /usr/bin/cmake /home/v120506/rmitbot_v3/lesson5_ws/src/rmitbot_bringup -DCMAKE_INSTALL_PREFIX=/home/v120506/rmitbot_v3/lesson5_ws/install/rmitbot_bringup
[0.206s] -- The C compiler identification is GNU 13.3.0
[0.338s] -- The CXX compiler identification is GNU 13.3.0
[0.367s] -- Detecting C compiler ABI info
[0.499s] -- Detecting C compiler ABI info - done
[0.516s] -- Check for working C compiler: /usr/bin/cc - skipped
[0.518s] -- Detecting C compile features
[0.520s] -- Detecting C compile features - done
[0.533s] -- Detecting CXX compiler ABI info
[0.669s] -- Detecting CXX compiler ABI info - done
[0.690s] -- Check for working CXX compiler: /usr/bin/c++ - skipped
[0.690s] -- Detecting CXX compile features
[0.691s] -- Detecting CXX compile features - done
[0.697s] -- Found ament_cmake: 2.5.4 (/opt/ros/jazzy/share/ament_cmake/cmake)
[0.942s] -- Found Python3: /usr/bin/python3 (found version "3.12.3") found components: Interpreter 
[1.288s] -- Configuring done (1.2s)
[1.291s] -- Generating done (0.0s)
[1.294s] -- Build files have been written to: /home/v120506/rmitbot_v3/lesson5_ws/build/rmitbot_bringup
[1.304s] Invoked command in '/home/v120506/rmitbot_v3/lesson5_ws/build/rmitbot_bringup' returned '0': CMAKE_PREFIX_PATH=${CMAKE_PREFIX_PATH}:/opt/ros/jazzy DEBUGINFOD_URLS=https://debuginfod.ubuntu.com /usr/bin/cmake /home/v120506/rmitbot_v3/lesson5_ws/src/rmitbot_bringup -DCMAKE_INSTALL_PREFIX=/home/v120506/rmitbot_v3/lesson5_ws/install/rmitbot_bringup
[1.306s] Invoking command in '/home/v120506/rmitbot_v3/lesson5_ws/build/rmitbot_bringup': CMAKE_PREFIX_PATH=${CMAKE_PREFIX_PATH}:/opt/ros/jazzy DEBUGINFOD_URLS=https://debuginfod.ubuntu.com /usr/bin/cmake --build /home/v120506/rmitbot_v3/lesson5_ws/build/rmitbot_bringup -- -j8 -l8
[1.384s] Invoked command in '/home/v120506/rmitbot_v3/lesson5_ws/build/rmitbot_bringup' returned '0': CMAKE_PREFIX_PATH=${CMAKE_PREFIX_PATH}:/opt/ros/jazzy DEBUGINFOD_URLS=https://debuginfod.ubuntu.com /usr/bin/cmake --build /home/v120506/rmitbot_v3/lesson5_ws/build/rmitbot_bringup -- -j8 -l8
[1.385s] Invoking command in '/home/v120506/rmitbot_v3/lesson5_ws/build/rmitbot_bringup': CMAKE_PREFIX_PATH=${CMAKE_PREFIX_PATH}:/opt/ros/jazzy DEBUGINFOD_URLS=https://debuginfod.ubuntu.com /usr/bin/cmake --install /home/v120506/rmitbot_v3/lesson5_ws/build/rmitbot_bringup
[1.394s] -- Install configuration: ""
[1.395s] -- Installing: /home/v120506/rmitbot_v3/lesson5_ws/install/rmitbot_bringup/share/rmitbot_bringup/launch
[1.395s] -- Installing: /home/v120506/rmitbot_v3/lesson5_ws/install/rmitbot_bringup/share/rmitbot_bringup/launch/rmitbot.launch.py
[1.395s] -- Installing: /home/v120506/rmitbot_v3/lesson5_ws/install/rmitbot_bringup/share/ament_index/resource_index/package_run_dependencies/rmitbot_bringup
[1.395s] -- Installing: /home/v120506/rmitbot_v3/lesson5_ws/install/rmitbot_bringup/share/ament_index/resource_index/parent_prefix_path/rmitbot_bringup
[1.396s] -- Installing: /home/v120506/rmitbot_v3/lesson5_ws/install/rmitbot_bringup/share/rmitbot_bringup/environment/ament_prefix_path.sh
[1.396s] -- Installing: /home/v120506/rmitbot_v3/lesson5_ws/install/rmitbot_bringup/share/rmitbot_bringup/environment/ament_prefix_path.dsv
[1.396s] -- Installing: /home/v120506/rmitbot_v3/lesson5_ws/install/rmitbot_bringup/share/rmitbot_bringup/environment/path.sh
[1.396s] -- Installing: /home/v120506/rmitbot_v3/lesson5_ws/install/rmitbot_bringup/share/rmitbot_bringup/environment/path.dsv
[1.396s] -- Installing: /home/v120506/rmitbot_v3/lesson5_ws/install/rmitbot_bringup/share/rmitbot_bringup/local_setup.bash
[1.396s] -- Installing: /home/v120506/rmitbot_v3/lesson5_ws/install/rmitbot_bringup/share/rmitbot_bringup/local_setup.sh
[1.396s] -- Installing: /home/v120506/rmitbot_v3/lesson5_ws/install/rmitbot_bringup/share/rmitbot_bringup/local_setup.zsh
[1.397s] -- Installing: /home/v120506/rmitbot_v3/lesson5_ws/install/rmitbot_bringup/share/rmitbot_bringup/local_setup.dsv
[1.397s] -- Installing: /home/v120506/rmitbot_v3/lesson5_ws/install/rmitbot_bringup/share/rmitbot_bringup/package.dsv
[1.397s] -- Installing: /home/v120506/rmitbot_v3/lesson5_ws/install/rmitbot_bringup/share/ament_index/resource_index/packages/rmitbot_bringup
[1.397s] -- Installing: /home/v120506/rmitbot_v3/lesson5_ws/install/rmitbot_bringup/share/rmitbot_bringup/cmake/rmitbot_bringupConfig.cmake
[1.398s] -- Installing: /home/v120506/rmitbot_v3/lesson5_ws/install/rmitbot_bringup/share/rmitbot_bringup/cmake/rmitbot_bringupConfig-version.cmake
[1.398s] -- Installing: /home/v120506/rmitbot_v3/lesson5_ws/install/rmitbot_bringup/share/rmitbot_bringup/package.xml
[1.407s] Invoked command in '/home/v120506/rmitbot_v3/lesson5_ws/build/rmitbot_bringup' returned '0': CMAKE_PREFIX_PATH=${CMAKE_PREFIX_PATH}:/opt/ros/jazzy DEBUGINFOD_URLS=https://debuginfod.ubuntu.com /usr/bin/cmake --install /home/v120506/rmitbot_v3/lesson5_ws/build/rmitbot_bringup
