[0.059s] Invoking command in '/home/v120506/rmitbot_v3/lesson6_ws/build/rmitbot_controller': CMAKE_PREFIX_PATH=${CMAKE_PREFIX_PATH}:/opt/ros/jazzy DEBUGINFOD_URLS=https://debuginfod.ubuntu.com /usr/bin/cmake --build /home/v120506/rmitbot_v3/lesson6_ws/build/rmitbot_controller -- -j8 -l8
[0.123s] Invoked command in '/home/v120506/rmitbot_v3/lesson6_ws/build/rmitbot_controller' returned '0': CMAKE_PREFIX_PATH=${CMAKE_PREFIX_PATH}:/opt/ros/jazzy DEBUGINFOD_URLS=https://debuginfod.ubuntu.com /usr/bin/cmake --build /home/v120506/rmitbot_v3/lesson6_ws/build/rmitbot_controller -- -j8 -l8
[0.124s] Invoking command in '/home/v120506/rmitbot_v3/lesson6_ws/build/rmitbot_controller': CMAKE_PREFIX_PATH=${CMAKE_PREFIX_PATH}:/opt/ros/jazzy DEBUGINFOD_URLS=https://debuginfod.ubuntu.com /usr/bin/cmake --install /home/v120506/rmitbot_v3/lesson6_ws/build/rmitbot_controller
[0.138s] -- Install configuration: ""
[0.138s] -- Execute custom install script
[0.138s] -- Up-to-date symlink: /home/v120506/rmitbot_v3/lesson6_ws/install/rmitbot_controller/share/rmitbot_controller/launch/controller.launch.py
[0.138s] -- Up-to-date symlink: /home/v120506/rmitbot_v3/lesson6_ws/install/rmitbot_controller/share/rmitbot_controller/launch/teleopkeyboard.launch.py
[0.138s] -- Up-to-date symlink: /home/v120506/rmitbot_v3/lesson6_ws/install/rmitbot_controller/share/rmitbot_controller/config/rmitbot_controller.yaml
[0.139s] -- Up-to-date symlink: /home/v120506/rmitbot_v3/lesson6_ws/install/rmitbot_controller/share/ament_index/resource_index/package_run_dependencies/rmitbot_controller
[0.140s] -- Up-to-date symlink: /home/v120506/rmitbot_v3/lesson6_ws/install/rmitbot_controller/share/ament_index/resource_index/parent_prefix_path/rmitbot_controller
[0.140s] -- Up-to-date symlink: /home/v120506/rmitbot_v3/lesson6_ws/install/rmitbot_controller/share/rmitbot_controller/environment/ament_prefix_path.sh
[0.140s] -- Up-to-date symlink: /home/v120506/rmitbot_v3/lesson6_ws/install/rmitbot_controller/share/rmitbot_controller/environment/ament_prefix_path.dsv
[0.141s] -- Up-to-date symlink: /home/v120506/rmitbot_v3/lesson6_ws/install/rmitbot_controller/share/rmitbot_controller/environment/path.sh
[0.141s] -- Up-to-date symlink: /home/v120506/rmitbot_v3/lesson6_ws/install/rmitbot_controller/share/rmitbot_controller/environment/path.dsv
[0.141s] -- Up-to-date symlink: /home/v120506/rmitbot_v3/lesson6_ws/install/rmitbot_controller/share/rmitbot_controller/local_setup.bash
[0.143s] -- Up-to-date symlink: /home/v120506/rmitbot_v3/lesson6_ws/install/rmitbot_controller/share/rmitbot_controller/local_setup.sh
[0.143s] -- Up-to-date symlink: /home/v120506/rmitbot_v3/lesson6_ws/install/rmitbot_controller/share/rmitbot_controller/local_setup.zsh
[0.143s] -- Up-to-date symlink: /home/v120506/rmitbot_v3/lesson6_ws/install/rmitbot_controller/share/rmitbot_controller/local_setup.dsv
[0.143s] -- Symlinking: /home/v120506/rmitbot_v3/lesson6_ws/install/rmitbot_controller/share/rmitbot_controller/package.dsv
[0.156s] -- Up-to-date symlink: /home/v120506/rmitbot_v3/lesson6_ws/install/rmitbot_controller/share/ament_index/resource_index/packages/rmitbot_controller
[0.156s] -- Up-to-date symlink: /home/v120506/rmitbot_v3/lesson6_ws/install/rmitbot_controller/share/rmitbot_controller/cmake/rmitbot_controllerConfig.cmake
[0.158s] -- Up-to-date symlink: /home/v120506/rmitbot_v3/lesson6_ws/install/rmitbot_controller/share/rmitbot_controller/cmake/rmitbot_controllerConfig-version.cmake
[0.158s] -- Up-to-date symlink: /home/v120506/rmitbot_v3/lesson6_ws/install/rmitbot_controller/share/rmitbot_controller/package.xml
[0.161s] Invoked command in '/home/v120506/rmitbot_v3/lesson6_ws/build/rmitbot_controller' returned '0': CMAKE_PREFIX_PATH=${CMAKE_PREFIX_PATH}:/opt/ros/jazzy DEBUGINFOD_URLS=https://debuginfod.ubuntu.com /usr/bin/cmake --install /home/v120506/rmitbot_v3/lesson6_ws/build/rmitbot_controller
