[0.063s] Invoking command in '/home/v120506/rmitbot_v3/lesson6_ws/build/rmitbot_bringup': CMAKE_PREFIX_PATH=${CMAKE_PREFIX_PATH}:/opt/ros/jazzy DEBUGINFOD_URLS=https://debuginfod.ubuntu.com /usr/bin/cmake --build /home/v120506/rmitbot_v3/lesson6_ws/build/rmitbot_bringup -- -j8 -l8
[0.128s] Invoked command in '/home/v120506/rmitbot_v3/lesson6_ws/build/rmitbot_bringup' returned '0': CMAKE_PREFIX_PATH=${CMAKE_PREFIX_PATH}:/opt/ros/jazzy DEBUGINFOD_URLS=https://debuginfod.ubuntu.com /usr/bin/cmake --build /home/v120506/rmitbot_v3/lesson6_ws/build/rmitbot_bringup -- -j8 -l8
[0.130s] Invoking command in '/home/v120506/rmitbot_v3/lesson6_ws/build/rmitbot_bringup': CMAKE_PREFIX_PATH=${CMAKE_PREFIX_PATH}:/opt/ros/jazzy DEBUGINFOD_URLS=https://debuginfod.ubuntu.com /usr/bin/cmake --install /home/v120506/rmitbot_v3/lesson6_ws/build/rmitbot_bringup
[0.149s] -- Install configuration: ""
[0.149s] -- Execute custom install script
[0.150s] -- Up-to-date symlink: /home/v120506/rmitbot_v3/lesson6_ws/install/rmitbot_bringup/share/rmitbot_bringup/launch/rmitbot.launch.py
[0.150s] -- Up-to-date symlink: /home/v120506/rmitbot_v3/lesson6_ws/install/rmitbot_bringup/share/ament_index/resource_index/package_run_dependencies/rmitbot_bringup
[0.151s] -- Up-to-date symlink: /home/v120506/rmitbot_v3/lesson6_ws/install/rmitbot_bringup/share/ament_index/resource_index/parent_prefix_path/rmitbot_bringup
[0.151s] -- Up-to-date symlink: /home/v120506/rmitbot_v3/lesson6_ws/install/rmitbot_bringup/share/rmitbot_bringup/environment/ament_prefix_path.sh
[0.151s] -- Up-to-date symlink: /home/v120506/rmitbot_v3/lesson6_ws/install/rmitbot_bringup/share/rmitbot_bringup/environment/ament_prefix_path.dsv
[0.153s] -- Up-to-date symlink: /home/v120506/rmitbot_v3/lesson6_ws/install/rmitbot_bringup/share/rmitbot_bringup/environment/path.sh
[0.153s] -- Up-to-date symlink: /home/v120506/rmitbot_v3/lesson6_ws/install/rmitbot_bringup/share/rmitbot_bringup/environment/path.dsv
[0.153s] -- Up-to-date symlink: /home/v120506/rmitbot_v3/lesson6_ws/install/rmitbot_bringup/share/rmitbot_bringup/local_setup.bash
[0.153s] -- Up-to-date symlink: /home/v120506/rmitbot_v3/lesson6_ws/install/rmitbot_bringup/share/rmitbot_bringup/local_setup.sh
[0.153s] -- Up-to-date symlink: /home/v120506/rmitbot_v3/lesson6_ws/install/rmitbot_bringup/share/rmitbot_bringup/local_setup.zsh
[0.154s] -- Up-to-date symlink: /home/v120506/rmitbot_v3/lesson6_ws/install/rmitbot_bringup/share/rmitbot_bringup/local_setup.dsv
[0.154s] -- Symlinking: /home/v120506/rmitbot_v3/lesson6_ws/install/rmitbot_bringup/share/rmitbot_bringup/package.dsv
[0.169s] -- Up-to-date symlink: /home/v120506/rmitbot_v3/lesson6_ws/install/rmitbot_bringup/share/ament_index/resource_index/packages/rmitbot_bringup
[0.169s] -- Up-to-date symlink: /home/v120506/rmitbot_v3/lesson6_ws/install/rmitbot_bringup/share/rmitbot_bringup/cmake/rmitbot_bringupConfig.cmake
[0.171s] -- Up-to-date symlink: /home/v120506/rmitbot_v3/lesson6_ws/install/rmitbot_bringup/share/rmitbot_bringup/cmake/rmitbot_bringupConfig-version.cmake
[0.171s] -- Up-to-date symlink: /home/v120506/rmitbot_v3/lesson6_ws/install/rmitbot_bringup/share/rmitbot_bringup/package.xml
[0.172s] Invoked command in '/home/v120506/rmitbot_v3/lesson6_ws/build/rmitbot_bringup' returned '0': CMAKE_PREFIX_PATH=${CMAKE_PREFIX_PATH}:/opt/ros/jazzy DEBUGINFOD_URLS=https://debuginfod.ubuntu.com /usr/bin/cmake --install /home/v120506/rmitbot_v3/lesson6_ws/build/rmitbot_bringup
